{"meta": {"format": 3, "version": "7.13.0", "timestamp": "2025-12-14T06:12:34.263645", "branch_coverage": false, "show_contexts": false}, "files": {"core/app_state.py": {"executed_lines": [3, 8, 9, 10, 11, 12, 13, 14, 16, 18, 19, 20, 21, 22, 23, 24, 25, 26, 28, 29, 30, 31, 32, 33, 34, 35, 37, 38, 39, 40, 41, 42, 43, 44, 45, 46, 47, 48, 49, 50, 51, 52, 53, 54, 55, 56, 57, 59, 60, 61, 62, 63, 64, 65, 66, 67, 68, 69, 70, 71, 72, 73, 75, 76, 77, 78, 79, 80, 81, 82, 83, 84, 85, 86, 88, 89, 94, 95, 96, 97, 98, 99, 100, 101, 102, 103, 106, 108, 110, 111, 114, 117, 119, 126, 128, 130, 156, 158, 159, 160, 161, 162, 164, 166, 167, 169, 171, 172, 174, 175, 176, 179, 182, 185, 191, 193, 194, 196, 198, 199, 201, 202, 203, 206, 209, 215, 217, 218, 220, 222, 223, 225, 226, 227, 230, 236, 238, 239, 241, 243, 244, 245, 246, 247, 248, 249, 251, 252, 260, 262, 263, 264, 265, 266, 268, 270, 271, 272, 273, 275, 277, 278, 279, 280, 281, 283, 285, 286, 287, 288, 289, 293, 295, 296, 297, 298, 302, 304, 305, 310, 313, 319, 321, 322, 323, 325, 327, 329, 331, 332, 333, 334, 336, 338, 339, 340, 342, 344, 345, 354, 356, 357, 358, 359, 361, 362, 363, 364, 366, 367, 368, 369, 371, 372, 373, 374, 376, 377, 379, 386, 388, 390], "summary": {"covered_lines": 215, "num_statements": 245, "percent_covered": 87.75510204081633, "percent_covered_display": "88", "missing_lines": 30, "excluded_lines": 0, "percent_statements_covered": 87.75510204081633, "percent_statements_covered_display": "88"}, "missing_lines": [121, 122, 123, 124, 152, 153, 154, 187, 188, 189, 211, 212, 213, 232, 233, 234, 254, 256, 257, 258, 290, 291, 299, 300, 314, 316, 317, 381, 382, 383], "excluded_lines": [], "functions": {"AppStateManager.__init__": {"executed_lines": [95, 96, 97, 98, 99, 100, 101, 102, 103, 106], "summary": {"covered_lines": 10, "num_statements": 10, "percent_covered": 100.0, "percent_covered_display": "100", "missing_lines": 0, "excluded_lines": 0, "percent_statements_covered": 100.0, "percent_statements_covered_display": "100"}, "missing_lines": [], "excluded_lines": []}, "AppStateManager._initialize_state": {"executed_lines": [110, 111, 114, 117, 119], "summary": {"covered_lines": 5, "num_statements": 9, "percent_covered": 55.55555555555556, "percent_covered_display": "56", "missing_lines": 4, "excluded_lines": 0, "percent_statements_covered": 55.55555555555556, "percent_statements_covered_display": "56"}, "missing_lines": [121, 122, 123, 124], "excluded_lines": []}, "AppStateManager._load_configuration": {"executed_lines": [128, 130], "summary": {"covered_lines": 2, "num_statements": 5, "percent_covered": 40.0, "percent_covered_display": "40", "missing_lines": 3, "excluded_lines": 0, "percent_statements_covered": 40.0, "percent_statements_covered_display": "40"}, "missing_lines": [152, 153, 154], "excluded_lines": []}, "AppStateManager.set_state": {"executed_lines": [158, 159, 160, 161, 162], "summary": {"covered_lines": 5, "num_statements": 5, "percent_covered": 100.0, "percent_covered_display": "100", "missing_lines": 0, "excluded_lines": 0, "percent_statements_covered": 100.0, "percent_statements_covered_display": "100"}, "missing_lines": [], "excluded_lines": []}, "AppStateManager.get_state": {"executed_lines": [166, 167], "summary": {"covered_lines": 2, "num_statements": 2, "percent_covered": 100.0, "percent_covered_display": "100", "missing_lines": 0, "excluded_lines": 0, "percent_statements_covered": 100.0, "percent_statements_covered_display": "100"}, "missing_lines": [], "excluded_lines": []}, "AppStateManager.update_ecu_data": {"executed_lines": [171, 172, 174, 175, 176, 179, 182, 185], "summary": {"covered_lines": 8, "num_statements": 11, "percent_covered": 72.72727272727273, "percent_covered_display": "73", "missing_lines": 3, "excluded_lines": 0, "percent_statements_covered": 72.72727272727273, "percent_statements_covered_display": "73"}, "missing_lines": [187, 188, 189], "excluded_lines": []}, "AppStateManager.get_ecu_data": {"executed_lines": [193, 194], "summary": {"covered_lines": 2, "num_statements": 2, "percent_covered": 100.0, "percent_covered_display": "100", "missing_lines": 0, "excluded_lines": 0, "percent_statements_covered": 100.0, "percent_statements_covered_display": "100"}, "missing_lines": [], "excluded_lines": []}, "AppStateManager.update_tuning_parameters": {"executed_lines": [198, 199, 201, 202, 203, 206, 209], "summary": {"covered_lines": 7, "num_statements": 10, "percent_covered": 70.0, "percent_covered_display": "70", "missing_lines": 3, "excluded_lines": 0, "percent_statements_covered": 70.0, "percent_statements_covered_display": "70"}, "missing_lines": [211, 212, 213], "excluded_lines": []}, "AppStateManager.get_tuning_parameters": {"executed_lines": [217, 218], "summary": {"covered_lines": 2, "num_statements": 2, "percent_covered": 100.0, "percent_covered_display": "100", "missing_lines": 0, "excluded_lines": 0, "percent_statements_covered": 100.0, "percent_statements_covered_display": "100"}, "missing_lines": [], "excluded_lines": []}, "AppStateManager.update_system_status": {"executed_lines": [222, 223, 225, 226, 227, 230], "summary": {"covered_lines": 6, "num_statements": 9, "percent_covered": 66.66666666666667, "percent_covered_display": "67", "missing_lines": 3, "excluded_lines": 0, "percent_statements_covered": 66.66666666666667, "percent_statements_covered_display": "67"}, "missing_lines": [232, 233, 234], "excluded_lines": []}, "AppStateManager.get_system_status": {"executed_lines": [238, 239], "summary": {"covered_lines": 2, "num_statements": 2, "percent_covered": 100.0, "percent_covered_display": "100", "missing_lines": 0, "excluded_lines": 0, "percent_statements_covered": 100.0, "percent_statements_covered_display": "100"}, "missing_lines": [], "excluded_lines": []}, "AppStateManager.set_performance_mode": {"executed_lines": [243, 244, 245, 246, 247, 248, 249, 251, 252], "summary": {"covered_lines": 9, "num_statements": 13, "percent_covered": 69.23076923076923, "percent_covered_display": "69", "missing_lines": 4, "excluded_lines": 0, "percent_statements_covered": 69.23076923076923, "percent_statements_covered_display": "69"}, "missing_lines": [254, 256, 257, 258], "excluded_lines": []}, "AppStateManager.set_error": {"executed_lines": [262, 263, 264, 265, 266], "summary": {"covered_lines": 5, "num_statements": 5, "percent_covered": 100.0, "percent_covered_display": "100", "missing_lines": 0, "excluded_lines": 0, "percent_statements_covered": 100.0, "percent_statements_covered_display": "100"}, "missing_lines": [], "excluded_lines": []}, "AppStateManager.clear_error": {"executed_lines": [270, 271, 272, 273], "summary": {"covered_lines": 4, "num_statements": 4, "percent_covered": 100.0, "percent_covered_display": "100", "missing_lines": 0, "excluded_lines": 0, "percent_statements_covered": 100.0, "percent_statements_covered_display": "100"}, "missing_lines": [], "excluded_lines": []}, "AppStateManager.register_callback": {"executed_lines": [277, 278, 279, 280, 281], "summary": {"covered_lines": 5, "num_statements": 5, "percent_covered": 100.0, "percent_covered_display": "100", "missing_lines": 0, "excluded_lines": 0, "percent_statements_covered": 100.0, "percent_statements_covered_display": "100"}, "missing_lines": [], "excluded_lines": []}, "AppStateManager.unregister_callback": {"executed_lines": [285, 286, 287, 288, 289], "summary": {"covered_lines": 5, "num_statements": 7, "percent_covered": 71.42857142857143, "percent_covered_display": "71", "missing_lines": 2, "excluded_lines": 0, "percent_statements_covered": 71.42857142857143, "percent_statements_covered_display": "71"}, "missing_lines": [290, 291], "excluded_lines": []}, "AppStateManager._notify_callbacks": {"executed_lines": [295, 296, 297, 298], "summary": {"covered_lines": 4, "num_statements": 6, "percent_covered": 66.66666666666667, "percent_covered_display": "67", "missing_lines": 2, "excluded_lines": 0, "percent_statements_covered": 66.66666666666667, "percent_statements_covered_display": "67"}, "missing_lines": [299, 300], "excluded_lines": []}, "AppStateManager._add_to_history": {"executed_lines": [304, 305, 310, 313], "summary": {"covered_lines": 4, "num_statements": 7, "percent_covered": 57.142857142857146, "percent_covered_display": "57", "missing_lines": 3, "excluded_lines": 0, "percent_statements_covered": 57.142857142857146, "percent_statements_covered_display": "57"}, "missing_lines": [314, 316, 317], "excluded_lines": []}, "AppStateManager.get_history": {"executed_lines": [321, 322, 323, 325, 327], "summary": {"covered_lines": 5, "num_statements": 5, "percent_covered": 100.0, "percent_covered_display": "100", "missing_lines": 0, "excluded_lines": 0, "percent_statements_covered": 100.0, "percent_statements_covered_display": "100"}, "missing_lines": [], "excluded_lines": []}, "AppStateManager.get_config": {"executed_lines": [331, 332, 333, 334], "summary": {"covered_lines": 4, "num_statements": 4, "percent_covered": 100.0, "percent_covered_display": "100", "missing_lines": 0, "excluded_lines": 0, "percent_statements_covered": 100.0, "percent_statements_covered_display": "100"}, "missing_lines": [], "excluded_lines": []}, "AppStateManager.set_config": {"executed_lines": [338, 339, 340], "summary": {"covered_lines": 3, "num_statements": 3, "percent_covered": 100.0, "percent_covered_display": "100", "missing_lines": 0, "excluded_lines": 0, "percent_statements_covered": 100.0, "percent_statements_covered_display": "100"}, "missing_lines": [], "excluded_lines": []}, "AppStateManager.export_state": {"executed_lines": [344, 345], "summary": {"covered_lines": 2, "num_statements": 2, "percent_covered": 100.0, "percent_covered_display": "100", "missing_lines": 0, "excluded_lines": 0, "percent_statements_covered": 100.0, "percent_statements_covered_display": "100"}, "missing_lines": [], "excluded_lines": []}, "AppStateManager.import_state": {"executed_lines": [356, 357, 358, 359, 361, 362, 363, 364, 366, 367, 368, 369, 371, 372, 373, 374, 376, 377, 379], "summary": {"covered_lines": 19, "num_statements": 22, "percent_covered": 86.36363636363636, "percent_covered_display": "86", "missing_lines": 3, "excluded_lines": 0, "percent_statements_covered": 86.36363636363636, "percent_statements_covered_display": "86"}, "missing_lines": [381, 382, 383], "excluded_lines": []}, "get_app_state": {"executed_lines": [390], "summary": {"covered_lines": 1, "num_statements": 1, "percent_covered": 100.0, "percent_covered_display": "100", "missing_lines": 0, "excluded_lines": 0, "percent_statements_covered": 100.0, "percent_statements_covered_display": "100"}, "missing_lines": [], "excluded_lines": []}, "": {"executed_lines": [3, 8, 9, 10, 11, 12, 13, 14, 16, 18, 19, 20, 21, 22, 23, 24, 25, 26, 28, 29, 30, 31, 32, 33, 34, 35, 37, 38, 39, 40, 41, 42, 43, 44, 45, 46, 47, 48, 49, 50, 51, 52, 53, 54, 55, 56, 57, 59, 60, 61, 62, 63, 64, 65, 66, 67, 68, 69, 70, 71, 72, 73, 75, 76, 77, 78, 79, 80, 81, 82, 83, 84, 85, 86, 88, 89, 94, 108, 126, 156, 164, 169, 191, 196, 215, 220, 236, 241, 260, 268, 275, 283, 293, 302, 319, 329, 336, 342, 354, 386, 388], "summary": {"covered_lines": 94, "num_statements": 94, "percent_covered": 100.0, "percent_covered_display": "100", "missing_lines": 0, "excluded_lines": 0, "percent_statements_covered": 100.0, "percent_statements_covered_display": "100"}, "missing_lines": [], "excluded_lines": []}}, "classes": {"SystemState": {"executed_lines": [], "summary": {"covered_lines": 0, "num_statements": 0, "percent_covered": 100.0, "percent_covered_display": "100", "missing_lines": 0, "excluded_lines": 0, "percent_statements_covered": 100.0, "percent_statements_covered_display": "100"}, "missing_lines": [], "excluded_lines": []}, "PerformanceMode": {"executed_lines": [], "summary": {"covered_lines": 0, "num_statements": 0, "percent_covered": 100.0, "percent_covered_display": "100", "missing_lines": 0, "excluded_lines": 0, "percent_statements_covered": 100.0, "percent_statements_covered_display": "100"}, "missing_lines": [], "excluded_lines": []}, "ECUData": {"executed_lines": [], "summary": {"covered_lines": 0, "num_statements": 0, "percent_covered": 100.0, "percent_covered_display": "100", "missing_lines": 0, "excluded_lines": 0, "percent_statements_covered": 100.0, "percent_statements_covered_display": "100"}, "missing_lines": [], "excluded_lines": []}, "TuningParameters": {"executed_lines": [], "summary": {"covered_lines": 0, "num_statements": 0, "percent_covered": 100.0, "percent_covered_display": "100", "missing_lines": 0, "excluded_lines": 0, "percent_statements_covered": 100.0, "percent_statements_covered_display": "100"}, "missing_lines": [], "excluded_lines": []}, "SystemStatus": {"executed_lines": [], "summary": {"covered_lines": 0, "num_statements": 0, "percent_covered": 100.0, "percent_covered_display": "100", "missing_lines": 0, "excluded_lines": 0, "percent_statements_covered": 100.0, "percent_statements_covered_display": "100"}, "missing_lines": [], "excluded_lines": []}, "AppStateManager": {"executed_lines": [95, 96, 97, 98, 99, 100, 101, 102, 103, 106, 110, 111, 114, 117, 119, 128, 130, 158, 159, 160, 161, 162, 166, 167, 171, 172, 174, 175, 176, 179, 182, 185, 193, 194, 198, 199, 201, 202, 203, 206, 209, 217, 218, 222, 223, 225, 226, 227, 230, 238, 239, 243, 244, 245, 246, 247, 248, 249, 251, 252, 262, 263, 264, 265, 266, 270, 271, 272, 273, 277, 278, 279, 280, 281, 285, 286, 287, 288, 289, 295, 296, 297, 298, 304, 305, 310, 313, 321, 322, 323, 325, 327, 331, 332, 333, 334, 338, 339, 340, 344, 345, 356, 357, 358, 359, 361, 362, 363, 364, 366, 367, 368, 369, 371, 372, 373, 374, 376, 377, 379], "summary": {"covered_lines": 120, "num_statements": 150, "percent_covered": 80.0, "percent_covered_display": "80", "missing_lines": 30, "excluded_lines": 0, "percent_statements_covered": 80.0, "percent_statements_covered_display": "80"}, "missing_lines": [121, 122, 123, 124, 152, 153, 154, 187, 188, 189, 211, 212, 213, 232, 233, 234, 254, 256, 257, 258, 290, 291, 299, 300, 314, 316, 317, 381, 382, 383], "excluded_lines": []}, "": {"executed_lines": [3, 8, 9, 10, 11, 12, 13, 14, 16, 18, 19, 20, 21, 22, 23, 24, 25, 26, 28, 29, 30, 31, 32, 33, 34, 35, 37, 38, 39, 40, 41, 42, 43, 44, 45, 46, 47, 48, 49, 50, 51, 52, 53, 54, 55, 56, 57, 59, 60, 61, 62, 63, 64, 65, 66, 67, 68, 69, 70, 71, 72, 73, 75, 76, 77, 78, 79, 80, 81, 82, 83, 84, 85, 86, 88, 89, 94, 108, 126, 156, 164, 169, 191, 196, 215, 220, 236, 241, 260, 268, 275, 283, 293, 302, 319, 329, 336, 342, 354, 386, 388, 390], "summary": {"covered_lines": 95, "num_statements": 95, "percent_covered": 100.0, "percent_covered_display": "100", "missing_lines": 0, "excluded_lines": 0, "percent_statements_covered": 100.0, "percent_statements_covered_display": "100"}, "missing_lines": [], "excluded_lines": []}}}, "core/checksum.py": {"executed_lines": [], "summary": {"covered_lines": 0, "num_statements": 0, "percent_covered": 100.0, "percent_covered_display": "100", "missing_lines": 0, "excluded_lines": 0, "percent_statements_covered": 100.0, "percent_statements_covered_display": "100"}, "missing_lines": [], "excluded_lines": [], "functions": {"": {"executed_lines": [], "summary": {"covered_lines": 0, "num_statements": 0, "percent_covered": 100.0, "percent_covered_display": "100", "missing_lines": 0, "excluded_lines": 0, "percent_statements_covered": 100.0, "percent_statements_covered_display": "100"}, "missing_lines": [], "excluded_lines": []}}, "classes": {"": {"executed_lines": [], "summary": {"covered_lines": 0, "num_statements": 0, "percent_covered": 100.0, "percent_covered_display": "100", "missing_lines": 0, "excluded_lines": 0, "percent_statements_covered": 100.0, "percent_statements_covered_display": "100"}, "missing_lines": [], "excluded_lines": []}}}, "core/connection_monitor.py": {"executed_lines": [3, 8, 9, 10, 11, 12, 13, 15, 16, 17, 19, 21, 22, 23, 24, 25, 26, 27, 29, 30, 31, 32, 33, 34, 35, 36, 37, 38, 40, 41, 46, 47, 48, 51, 52, 53, 54, 57, 58, 59, 62, 63, 64, 65, 68, 70, 72, 74, 75, 76, 80, 81, 82, 83, 85, 90, 92, 93, 94, 97, 98, 100, 103, 108, 110, 111, 112, 113, 114, 117, 123, 125, 126, 129, 130, 131, 133, 134, 136, 137, 138, 139, 142, 143, 144, 148, 149, 153, 154, 156, 158, 159, 160, 161, 162, 164, 166, 167, 168, 170, 171, 172, 173, 174, 176, 177, 178, 183, 184, 185, 190, 192, 193, 212, 214, 220, 225, 231, 233, 234, 236, 238, 239, 241, 247], "summary": {"covered_lines": 121, "num_statements": 163, "percent_covered": 74.23312883435582, "percent_covered_display": "74", "missing_lines": 42, "excluded_lines": 0, "percent_statements_covered": 74.23312883435582, "percent_statements_covered_display": "74"}, "missing_lines": [77, 78, 87, 88, 95, 101, 105, 106, 119, 120, 121, 145, 180, 187, 188, 197, 200, 203, 204, 205, 207, 209, 210, 215, 216, 217, 218, 222, 223, 227, 228, 229, 243, 244, 245, 249, 250, 251, 252, 253, 254, 255], "excluded_lines": [], "functions": {"ConnectionHealthMonitor.__init__": {"executed_lines": [47, 48, 51, 52, 53, 54, 57, 58, 59, 62, 63, 64, 65, 68, 70], "summary": {"covered_lines": 15, "num_statements": 15, "percent_covered": 100.0, "percent_covered_display": "100", "missing_lines": 0, "excluded_lines": 0, "percent_statements_covered": 100.0, "percent_statements_covered_display": "100"}, "missing_lines": [], "excluded_lines": []}, "ConnectionHealthMonitor.start_monitoring": {"executed_lines": [74, 75, 76, 80, 81, 82, 83, 85], "summary": {"covered_lines": 8, "num_statements": 12, "percent_covered": 66.66666666666667, "percent_covered_display": "67", "missing_lines": 4, "excluded_lines": 0, "percent_statements_covered": 66.66666666666667, "percent_statements_covered_display": "67"}, "missing_lines": [77, 78, 87, 88], "excluded_lines": []}, "ConnectionHealthMonitor.stop_monitoring": {"executed_lines": [92, 93, 94, 97, 98, 100, 103], "summary": {"covered_lines": 7, "num_statements": 11, "percent_covered": 63.63636363636363, "percent_covered_display": "64", "missing_lines": 4, "excluded_lines": 0, "percent_statements_covered": 63.63636363636363, "percent_statements_covered_display": "64"}, "missing_lines": [95, 101, 105, 106], "excluded_lines": []}, "ConnectionHealthMonitor._monitor_loop": {"executed_lines": [110, 111, 112, 113, 114, 117], "summary": {"covered_lines": 6, "num_statements": 9, "percent_covered": 66.66666666666667, "percent_covered_display": "67", "missing_lines": 3, "excluded_lines": 0, "percent_statements_covered": 66.66666666666667, "percent_statements_covered_display": "67"}, "missing_lines": [119, 120, 121], "excluded_lines": []}, "ConnectionHealthMonitor._check_connection_health": {"executed_lines": [125, 126, 129, 130, 131, 133, 134, 136, 137, 138, 139, 142, 143, 144, 148, 149, 153, 154, 156, 158, 159, 160, 161, 162], "summary": {"covered_lines": 24, "num_statements": 25, "percent_covered": 96.0, "percent_covered_display": "96", "missing_lines": 1, "excluded_lines": 0, "percent_statements_covered": 96.0, "percent_statements_covered_display": "96"}, "missing_lines": [145], "excluded_lines": []}, "ConnectionHealthMonitor._update_health_status": {"executed_lines": [166, 167, 168, 170, 171, 172, 173, 174, 176, 177, 178, 183, 184, 185], "summary": {"covered_lines": 14, "num_statements": 17, "percent_covered": 82.3529411764706, "percent_covered_display": "82", "missing_lines": 3, "excluded_lines": 0, "percent_statements_covered": 82.3529411764706, "percent_statements_covered_display": "82"}, "missing_lines": [180, 187, 188], "excluded_lines": []}, "ConnectionHealthMonitor._auto_reconnect_if_needed": {"executed_lines": [192, 193], "summary": {"covered_lines": 2, "num_statements": 10, "percent_covered": 20.0, "percent_covered_display": "20", "missing_lines": 8, "excluded_lines": 0, "percent_statements_covered": 20.0, "percent_statements_covered_display": "20"}, "missing_lines": [197, 200, 203, 204, 205, 207, 209, 210], "excluded_lines": []}, "ConnectionHealthMonitor._notify_health_change": {"executed_lines": [214], "summary": {"covered_lines": 1, "num_statements": 5, "percent_covered": 20.0, "percent_covered_display": "20", "missing_lines": 4, "excluded_lines": 0, "percent_statements_covered": 20.0, "percent_statements_covered_display": "20"}, "missing_lines": [215, 216, 217, 218], "excluded_lines": []}, "ConnectionHealthMonitor.register_health_callback": {"executed_lines": [], "summary": {"covered_lines": 0, "num_statements": 2, "percent_covered": 0.0, "percent_covered_display": "0", "missing_lines": 2, "excluded_lines": 0, "percent_statements_covered": 0.0, "percent_statements_covered_display": "0"}, "missing_lines": [222, 223], "excluded_lines": []}, "ConnectionHealthMonitor.unregister_health_callback": {"executed_lines": [], "summary": {"covered_lines": 0, "num_statements": 3, "percent_covered": 0.0, "percent_covered_display": "0", "missing_lines": 3, "excluded_lines": 0, "percent_statements_covered": 0.0, "percent_statements_covered_display": "0"}, "missing_lines": [227, 228, 229], "excluded_lines": []}, "ConnectionHealthMonitor.get_connection_metrics": {"executed_lines": [233, 234], "summary": {"covered_lines": 2, "num_statements": 2, "percent_covered": 100.0, "percent_covered_display": "100", "missing_lines": 0, "excluded_lines": 0, "percent_statements_covered": 100.0, "percent_statements_covered_display": "100"}, "missing_lines": [], "excluded_lines": []}, "ConnectionHealthMonitor.get_health_status": {"executed_lines": [238, 239], "summary": {"covered_lines": 2, "num_statements": 2, "percent_covered": 100.0, "percent_covered_display": "100", "missing_lines": 0, "excluded_lines": 0, "percent_statements_covered": 100.0, "percent_statements_covered_display": "100"}, "missing_lines": [], "excluded_lines": []}, "ConnectionHealthMonitor.enable_auto_reconnect": {"executed_lines": [], "summary": {"covered_lines": 0, "num_statements": 3, "percent_covered": 0.0, "percent_covered_display": "0", "missing_lines": 3, "excluded_lines": 0, "percent_statements_covered": 0.0, "percent_statements_covered_display": "0"}, "missing_lines": [243, 244, 245], "excluded_lines": []}, "ConnectionHealthMonitor.force_health_check": {"executed_lines": [], "summary": {"covered_lines": 0, "num_statements": 7, "percent_covered": 0.0, "percent_covered_display": "0", "missing_lines": 7, "excluded_lines": 0, "percent_statements_covered": 0.0, "percent_statements_covered_display": "0"}, "missing_lines": [249, 250, 251, 252, 253, 254, 255], "excluded_lines": []}, "": {"executed_lines": [3, 8, 9, 10, 11, 12, 13, 15, 16, 17, 19, 21, 22, 23, 24, 25, 26, 27, 29, 30, 31, 32, 33, 34, 35, 36, 37, 38, 40, 41, 46, 72, 90, 108, 123, 164, 190, 212, 220, 225, 231, 236, 241, 247], "summary": {"covered_lines": 40, "num_statements": 40, "percent_covered": 100.0, "percent_covered_display": "100", "missing_lines": 0, "excluded_lines": 0, "percent_statements_covered": 100.0, "percent_statements_covered_display": "100"}, "missing_lines": [], "excluded_lines": []}}, "classes": {"ConnectionHealth": {"executed_lines": [], "summary": {"covered_lines": 0, "num_statements": 0, "percent_covered": 100.0, "percent_covered_display": "100", "missing_lines": 0, "excluded_lines": 0, "percent_statements_covered": 100.0, "percent_statements_covered_display": "100"}, "missing_lines": [], "excluded_lines": []}, "ConnectionMetrics": {"executed_lines": [], "summary": {"covered_lines": 0, "num_statements": 0, "percent_covered": 100.0, "percent_covered_display": "100", "missing_lines": 0, "excluded_lines": 0, "percent_statements_covered": 100.0, "percent_statements_covered_display": "100"}, "missing_lines": [], "excluded_lines": []}, "ConnectionHealthMonitor": {"executed_lines": [47, 48, 51, 52, 53, 54, 57, 58, 59, 62, 63, 64, 65, 68, 70, 74, 75, 76, 80, 81, 82, 83, 85, 92, 93, 94, 97, 98, 100, 103, 110, 111, 112, 113, 114, 117, 125, 126, 129, 130, 131, 133, 134, 136, 137, 138, 139, 142, 143, 144, 148, 149, 153, 154, 156, 158, 159, 160, 161, 162, 166, 167, 168, 170, 171, 172, 173, 174, 176, 177, 178, 183, 184, 185, 192, 193, 214, 233, 234, 238, 239], "summary": {"covered_lines": 81, "num_statements": 123, "percent_covered": 65.85365853658537, "percent_covered_display": "66", "missing_lines": 42, "excluded_lines": 0, "percent_statements_covered": 65.85365853658537, "percent_statements_covered_display": "66"}, "missing_lines": [77, 78, 87, 88, 95, 101, 105, 106, 119, 120, 121, 145, 180, 187, 188, 197, 200, 203, 204, 205, 207, 209, 210, 215, 216, 217, 218, 222, 223, 227, 228, 229, 243, 244, 245, 249, 250, 251, 252, 253, 254, 255], "excluded_lines": []}, "": {"executed_lines": [3, 8, 9, 10, 11, 12, 13, 15, 16, 17, 19, 21, 22, 23, 24, 25, 26, 27, 29, 30, 31, 32, 33, 34, 35, 36, 37, 38, 40, 41, 46, 72, 90, 108, 123, 164, 190, 212, 220, 225, 231, 236, 241, 247], "summary": {"covered_lines": 40, "num_statements": 40, "percent_covered": 100.0, "percent_covered_display": "100", "missing_lines": 0, "excluded_lines": 0, "percent_statements_covered": 100.0, "percent_statements_covered_display": "100"}, "missing_lines": [], "excluded_lines": []}}}, "core/data_manager.py": {"executed_lines": [], "summary": {"covered_lines": 0, "num_statements": 0, "percent_covered": 100.0, "percent_covered_display": "100", "missing_lines": 0, "excluded_lines": 0, "percent_statements_covered": 100.0, "percent_statements_covered_display": "100"}, "missing_lines": [], "excluded_lines": [], "functions": {"": {"executed_lines": [], "summary": {"covered_lines": 0, "num_statements": 0, "percent_covered": 100.0, "percent_covered_display": "100", "missing_lines": 0, "excluded_lines": 0, "percent_statements_covered": 100.0, "percent_statements_covered_display": "100"}, "missing_lines": [], "excluded_lines": []}}, "classes": {"": {"executed_lines": [], "summary": {"covered_lines": 0, "num_statements": 0, "percent_covered": 100.0, "percent_covered_display": "100", "missing_lines": 0, "excluded_lines": 0, "percent_statements_covered": 100.0, "percent_statements_covered_display": "100"}, "missing_lines": [], "excluded_lines": []}}}, "core/ecu_communication.py": {"executed_lines": [3, 8, 9, 10, 11, 12, 13, 14, 15, 17, 18, 20, 22, 23, 24, 25, 26, 27, 28, 30, 31, 32, 33, 34, 35, 36, 37, 39, 40, 46, 47, 48, 51, 62, 70, 71, 72, 73, 74, 75, 78, 81, 82, 83, 86, 94, 96, 103, 104, 105, 106, 107, 109, 110, 113, 120, 121, 122, 123, 129, 130, 131, 132, 133, 135, 137, 138, 139, 140, 141, 143, 144, 145, 150, 152, 154, 160, 162, 163, 164, 166, 177, 179, 185, 186, 220, 270, 298, 324, 360, 381, 417, 461, 480, 482, 483, 485, 489, 491], "summary": {"covered_lines": 95, "num_statements": 225, "percent_covered": 42.22222222222222, "percent_covered_display": "42", "missing_lines": 130, "excluded_lines": 0, "percent_statements_covered": 42.22222222222222, "percent_statements_covered_display": "42"}, "missing_lines": [125, 126, 127, 147, 148, 189, 190, 193, 195, 196, 197, 198, 201, 202, 204, 205, 206, 207, 209, 210, 212, 214, 216, 217, 218, 234, 235, 236, 237, 240, 241, 244, 247, 253, 254, 255, 257, 260, 261, 263, 265, 266, 267, 268, 272, 273, 275, 276, 278, 279, 280, 282, 283, 284, 291, 292, 294, 295, 296, 305, 307, 312, 313, 314, 315, 317, 318, 320, 321, 322, 331, 332, 335, 340, 342, 343, 344, 345, 346, 347, 353, 354, 356, 357, 358, 367, 368, 373, 374, 375, 377, 378, 379, 391, 392, 397, 399, 402, 403, 404, 405, 406, 407, 409, 411, 413, 414, 415, 427, 429, 434, 435, 436, 439, 440, 443, 449, 450, 451, 452, 454, 455, 457, 458, 459, 474, 475, 476, 478, 487], "excluded_lines": [], "functions": {"ECUCommunicator.__init__": {"executed_lines": [70, 71, 72, 73, 74, 75, 78, 81, 82, 83, 86, 94], "summary": {"covered_lines": 12, "num_statements": 12, "percent_covered": 100.0, "percent_covered_display": "100", "missing_lines": 0, "excluded_lines": 0, "percent_statements_covered": 100.0, "percent_statements_covered_display": "100"}, "missing_lines": [], "excluded_lines": []}, "ECUCommunicator.connect": {"executed_lines": [103, 104, 105, 106, 107, 109, 110, 113, 120, 121, 122, 123, 129, 130, 131, 132, 133], "summary": {"covered_lines": 17, "num_statements": 20, "percent_covered": 85.0, "percent_covered_display": "85", "missing_lines": 3, "excluded_lines": 0, "percent_statements_covered": 85.0, "percent_statements_covered_display": "85"}, "missing_lines": [125, 126, 127], "excluded_lines": []}, "ECUCommunicator.disconnect": {"executed_lines": [137, 138, 139, 140, 141, 143, 144, 145], "summary": {"covered_lines": 8, "num_statements": 10, "percent_covered": 80.0, "percent_covered_display": "80", "missing_lines": 2, "excluded_lines": 0, "percent_statements_covered": 80.0, "percent_statements_covered_display": "80"}, "missing_lines": [147, 148], "excluded_lines": []}, "ECUCommunicator._test_connection": {"executed_lines": [152, 154, 160, 162, 163, 164], "summary": {"covered_lines": 6, "num_statements": 6, "percent_covered": 100.0, "percent_covered_display": "100", "missing_lines": 0, "excluded_lines": 0, "percent_statements_covered": 100.0, "percent_statements_covered_display": "100"}, "missing_lines": [], "excluded_lines": []}, "ECUCommunicator._validate_safety_before_write": {"executed_lines": [177, 179, 185, 186], "summary": {"covered_lines": 4, "num_statements": 24, "percent_covered": 16.666666666666668, "percent_covered_display": "17", "missing_lines": 20, "excluded_lines": 0, "percent_statements_covered": 16.666666666666668, "percent_statements_covered_display": "17"}, "missing_lines": [189, 190, 193, 195, 196, 197, 198, 201, 202, 204, 205, 206, 207, 209, 210, 212, 214, 216, 217, 218], "excluded_lines": []}, "ECUCommunicator.send_request": {"executed_lines": [], "summary": {"covered_lines": 0, "num_statements": 19, "percent_covered": 0.0, "percent_covered_display": "0", "missing_lines": 19, "excluded_lines": 0, "percent_statements_covered": 0.0, "percent_statements_covered_display": "0"}, "missing_lines": [234, 235, 236, 237, 240, 241, 244, 247, 253, 254, 255, 257, 260, 261, 263, 265, 266, 267, 268], "excluded_lines": []}, "ECUCommunicator._wait_for_response": {"executed_lines": [], "summary": {"covered_lines": 0, "num_statements": 15, "percent_covered": 0.0, "percent_covered_display": "0", "missing_lines": 15, "excluded_lines": 0, "percent_statements_covered": 0.0, "percent_statements_covered_display": "0"}, "missing_lines": [272, 273, 275, 276, 278, 279, 280, 282, 283, 284, 291, 292, 294, 295, 296], "excluded_lines": []}, "ECUCommunicator.read_vin": {"executed_lines": [], "summary": {"covered_lines": 0, "num_statements": 11, "percent_covered": 0.0, "percent_covered_display": "0", "missing_lines": 11, "excluded_lines": 0, "percent_statements_covered": 0.0, "percent_statements_covered_display": "0"}, "missing_lines": [305, 307, 312, 313, 314, 315, 317, 318, 320, 321, 322], "excluded_lines": []}, "ECUCommunicator.read_dtcs": {"executed_lines": [], "summary": {"covered_lines": 0, "num_statements": 15, "percent_covered": 0.0, "percent_covered_display": "0", "missing_lines": 15, "excluded_lines": 0, "percent_statements_covered": 0.0, "percent_statements_covered_display": "0"}, "missing_lines": [331, 332, 335, 340, 342, 343, 344, 345, 346, 347, 353, 354, 356, 357, 358], "excluded_lines": []}, "ECUCommunicator.clear_dtcs": {"executed_lines": [], "summary": {"covered_lines": 0, "num_statements": 8, "percent_covered": 0.0, "percent_covered_display": "0", "missing_lines": 8, "excluded_lines": 0, "percent_statements_covered": 0.0, "percent_statements_covered_display": "0"}, "missing_lines": [367, 368, 373, 374, 375, 377, 378, 379], "excluded_lines": []}, "ECUCommunicator.read_live_data": {"executed_lines": [], "summary": {"covered_lines": 0, "num_statements": 15, "percent_covered": 0.0, "percent_covered_display": "0", "missing_lines": 15, "excluded_lines": 0, "percent_statements_covered": 0.0, "percent_statements_covered_display": "0"}, "missing_lines": [391, 392, 397, 399, 402, 403, 404, 405, 406, 407, 409, 411, 413, 414, 415], "excluded_lines": []}, "ECUCommunicator.unlock_security": {"executed_lines": [], "summary": {"covered_lines": 0, "num_statements": 17, "percent_covered": 0.0, "percent_covered_display": "0", "missing_lines": 17, "excluded_lines": 0, "percent_statements_covered": 0.0, "percent_statements_covered_display": "0"}, "missing_lines": [427, 429, 434, 435, 436, 439, 440, 443, 449, 450, 451, 452, 454, 455, 457, 458, 459], "excluded_lines": []}, "ECUCommunicator._calculate_security_key": {"executed_lines": [], "summary": {"covered_lines": 0, "num_statements": 4, "percent_covered": 0.0, "percent_covered_display": "0", "missing_lines": 4, "excluded_lines": 0, "percent_statements_covered": 0.0, "percent_statements_covered_display": "0"}, "missing_lines": [474, 475, 476, 478], "excluded_lines": []}, "ECUCommunicator.get_statistics": {"executed_lines": [482, 483], "summary": {"covered_lines": 2, "num_statements": 2, "percent_covered": 100.0, "percent_covered_display": "100", "missing_lines": 0, "excluded_lines": 0, "percent_statements_covered": 100.0, "percent_statements_covered_display": "100"}, "missing_lines": [], "excluded_lines": []}, "ECUCommunicator.is_connected": {"executed_lines": [], "summary": {"covered_lines": 0, "num_statements": 1, "percent_covered": 0.0, "percent_covered_display": "0", "missing_lines": 1, "excluded_lines": 0, "percent_statements_covered": 0.0, "percent_statements_covered_display": "0"}, "missing_lines": [487], "excluded_lines": []}, "ECUCommunicator.get_state": {"executed_lines": [491], "summary": {"covered_lines": 1, "num_statements": 1, "percent_covered": 100.0, "percent_covered_display": "100", "missing_lines": 0, "excluded_lines": 0, "percent_statements_covered": 100.0, "percent_statements_covered_display": "100"}, "missing_lines": [], "excluded_lines": []}, "": {"executed_lines": [3, 8, 9, 10, 11, 12, 13, 14, 15, 17, 18, 20, 22, 23, 24, 25, 26, 27, 28, 30, 31, 32, 33, 34, 35, 36, 37, 39, 40, 46, 47, 48, 51, 62, 96, 135, 150, 166, 220, 270, 298, 324, 360, 381, 417, 461, 480, 485, 489], "summary": {"covered_lines": 45, "num_statements": 45, "percent_covered": 100.0, "percent_covered_display": "100", "missing_lines": 0, "excluded_lines": 0, "percent_statements_covered": 100.0, "percent_statements_covered_display": "100"}, "missing_lines": [], "excluded_lines": []}}, "classes": {"ECUState": {"executed_lines": [], "summary": {"covered_lines": 0, "num_statements": 0, "percent_covered": 100.0, "percent_covered_display": "100", "missing_lines": 0, "excluded_lines": 0, "percent_statements_covered": 100.0, "percent_statements_covered_display": "100"}, "missing_lines": [], "excluded_lines": []}, "ECUResponse": {"executed_lines": [], "summary": {"covered_lines": 0, "num_statements": 0, "percent_covered": 100.0, "percent_covered_display": "100", "missing_lines": 0, "excluded_lines": 0, "percent_statements_covered": 100.0, "percent_statements_covered_display": "100"}, "missing_lines": [], "excluded_lines": []}, "ECUCommunicator": {"executed_lines": [70, 71, 72, 73, 74, 75, 78, 81, 82, 83, 86, 94, 103, 104, 105, 106, 107, 109, 110, 113, 120, 121, 122, 123, 129, 130, 131, 132, 133, 137, 138, 139, 140, 141, 143, 144, 145, 152, 154, 160, 162, 163, 164, 177, 179, 185, 186, 482, 483, 491], "summary": {"covered_lines": 50, "num_statements": 180, "percent_covered": 27.77777777777778, "percent_covered_display": "28", "missing_lines": 130, "excluded_lines": 0, "percent_statements_covered": 27.77777777777778, "percent_statements_covered_display": "28"}, "missing_lines": [125, 126, 127, 147, 148, 189, 190, 193, 195, 196, 197, 198, 201, 202, 204, 205, 206, 207, 209, 210, 212, 214, 216, 217, 218, 234, 235, 236, 237, 240, 241, 244, 247, 253, 254, 255, 257, 260, 261, 263, 265, 266, 267, 268, 272, 273, 275, 276, 278, 279, 280, 282, 283, 284, 291, 292, 294, 295, 296, 305, 307, 312, 313, 314, 315, 317, 318, 320, 321, 322, 331, 332, 335, 340, 342, 343, 344, 345, 346, 347, 353, 354, 356, 357, 358, 367, 368, 373, 374, 375, 377, 378, 379, 391, 392, 397, 399, 402, 403, 404, 405, 406, 407, 409, 411, 413, 414, 415, 427, 429, 434, 435, 436, 439, 440, 443, 449, 450, 451, 452, 454, 455, 457, 458, 459, 474, 475, 476, 478, 487], "excluded_lines": []}, "": {"executed_lines": [3, 8, 9, 10, 11, 12, 13, 14, 15, 17, 18, 20, 22, 23, 24, 25, 26, 27, 28, 30, 31, 32, 33, 34, 35, 36, 37, 39, 40, 46, 47, 48, 51, 62, 96, 135, 150, 166, 220, 270, 298, 324, 360, 381, 417, 461, 480, 485, 489], "summary": {"covered_lines": 45, "num_statements": 45, "percent_covered": 100.0, "percent_covered_display": "100", "missing_lines": 0, "excluded_lines": 0, "percent_statements_covered": 100.0, "percent_statements_covered_display": "100"}, "missing_lines": [], "excluded_lines": []}}}, "core/factory_maps.py": {"executed_lines": [], "summary": {"covered_lines": 0, "num_statements": 0, "percent_covered": 100.0, "percent_covered_display": "100", "missing_lines": 0, "excluded_lines": 0, "percent_statements_covered": 100.0, "percent_statements_covered_display": "100"}, "missing_lines": [], "excluded_lines": [], "functions": {"": {"executed_lines": [], "summary": {"covered_lines": 0, "num_statements": 0, "percent_covered": 100.0, "percent_covered_display": "100", "missing_lines": 0, "excluded_lines": 0, "percent_statements_covered": 100.0, "percent_statements_covered_display": "100"}, "missing_lines": [], "excluded_lines": []}}, "classes": {"": {"executed_lines": [], "summary": {"covered_lines": 0, "num_statements": 0, "percent_covered": 100.0, "percent_covered_display": "100", "missing_lines": 0, "excluded_lines": 0, "percent_statements_covered": 100.0, "percent_statements_covered_display": "100"}, "missing_lines": [], "excluded_lines": []}}}, "core/limit_finder.py": {"executed_lines": [], "summary": {"covered_lines": 0, "num_statements": 0, "percent_covered": 100.0, "percent_covered_display": "100", "missing_lines": 0, "excluded_lines": 0, "percent_statements_covered": 100.0, "percent_statements_covered_display": "100"}, "missing_lines": [], "excluded_lines": [], "functions": {"": {"executed_lines": [], "summary": {"covered_lines": 0, "num_statements": 0, "percent_covered": 100.0, "percent_covered_display": "100", "missing_lines": 0, "excluded_lines": 0, "percent_statements_covered": 100.0, "percent_statements_covered_display": "100"}, "missing_lines": [], "excluded_lines": []}}, "classes": {"": {"executed_lines": [], "summary": {"covered_lines": 0, "num_statements": 0, "percent_covered": 100.0, "percent_covered_display": "100", "missing_lines": 0, "excluded_lines": 0, "percent_statements_covered": 100.0, "percent_statements_covered_display": "100"}, "missing_lines": [], "excluded_lines": []}}}, "core/logging_manager.py": {"executed_lines": [], "summary": {"covered_lines": 0, "num_statements": 0, "percent_covered": 100.0, "percent_covered_display": "100", "missing_lines": 0, "excluded_lines": 0, "percent_statements_covered": 100.0, "percent_statements_covered_display": "100"}, "missing_lines": [], "excluded_lines": [], "functions": {"": {"executed_lines": [], "summary": {"covered_lines": 0, "num_statements": 0, "percent_covered": 100.0, "percent_covered_display": "100", "missing_lines": 0, "excluded_lines": 0, "percent_statements_covered": 100.0, "percent_statements_covered_display": "100"}, "missing_lines": [], "excluded_lines": []}}, "classes": {"": {"executed_lines": [], "summary": {"covered_lines": 0, "num_statements": 0, "percent_covered": 100.0, "percent_covered_display": "100", "missing_lines": 0, "excluded_lines": 0, "percent_statements_covered": 100.0, "percent_statements_covered_display": "100"}, "missing_lines": [], "excluded_lines": []}}}, "core/rom_verifier.py": {"executed_lines": [3, 8, 9, 10, 11, 12, 13, 14, 16, 18, 20, 21, 22, 23, 24, 25, 26, 28, 29, 30, 31, 32, 33, 34, 35, 36, 38, 39, 44, 46, 55, 57, 67, 68, 69, 70, 72, 73, 75, 76, 78, 81, 82, 85, 92, 93, 95, 103, 104, 110, 112, 113, 114, 115, 116, 117, 119, 120, 121, 122, 124, 125, 127, 128, 130, 132, 141, 146, 147, 150, 151, 152, 153, 156, 157, 159, 165, 217, 227, 229, 234, 239, 240, 242, 244, 250, 260, 261, 264, 266, 268], "summary": {"covered_lines": 87, "num_statements": 140, "percent_covered": 62.142857142857146, "percent_covered_display": "62", "missing_lines": 53, "excluded_lines": 0, "percent_statements_covered": 62.142857142857146, "percent_statements_covered_display": "62"}, "missing_lines": [86, 87, 88, 89, 97, 98, 99, 100, 101, 106, 107, 108, 135, 137, 138, 139, 161, 162, 163, 175, 176, 177, 179, 180, 182, 185, 187, 189, 191, 194, 195, 196, 197, 199, 200, 201, 203, 205, 206, 207, 208, 210, 211, 213, 214, 215, 230, 231, 235, 236, 246, 247, 248], "excluded_lines": [], "functions": {"ROMChecksumVerifier.__init__": {"executed_lines": [46, 55], "summary": {"covered_lines": 2, "num_statements": 2, "percent_covered": 100.0, "percent_covered_display": "100", "missing_lines": 0, "excluded_lines": 0, "percent_statements_covered": 100.0, "percent_statements_covered_display": "100"}, "missing_lines": [], "excluded_lines": []}, "ROMChecksumVerifier.verify_rom_integrity": {"executed_lines": [67, 68, 69, 70, 72, 73, 75, 76, 78, 81, 82, 85, 92, 93, 95, 103, 104], "summary": {"covered_lines": 17, "num_statements": 29, "percent_covered": 58.62068965517241, "percent_covered_display": "59", "missing_lines": 12, "excluded_lines": 0, "percent_statements_covered": 58.62068965517241, "percent_statements_covered_display": "59"}, "missing_lines": [86, 87, 88, 89, 97, 98, 99, 100, 101, 106, 107, 108], "excluded_lines": []}, "ROMChecksumVerifier._calculate_checksum": {"executed_lines": [112, 113, 114, 115, 116, 117, 119, 120, 121, 122, 124, 125, 127, 128, 130, 132], "summary": {"covered_lines": 16, "num_statements": 20, "percent_covered": 80.0, "percent_covered_display": "80", "missing_lines": 4, "excluded_lines": 0, "percent_statements_covered": 80.0, "percent_statements_covered_display": "80"}, "missing_lines": [135, 137, 138, 139], "excluded_lines": []}, "ROMChecksumVerifier._mazda_proprietary_checksum": {"executed_lines": [146, 147, 150, 151, 152, 153, 156, 157, 159], "summary": {"covered_lines": 9, "num_statements": 12, "percent_covered": 75.0, "percent_covered_display": "75", "missing_lines": 3, "excluded_lines": 0, "percent_statements_covered": 75.0, "percent_statements_covered_display": "75"}, "missing_lines": [161, 162, 163], "excluded_lines": []}, "ROMChecksumVerifier.patch_checksums": {"executed_lines": [], "summary": {"covered_lines": 0, "num_statements": 27, "percent_covered": 0.0, "percent_covered_display": "0", "missing_lines": 27, "excluded_lines": 0, "percent_statements_covered": 0.0, "percent_statements_covered_display": "0"}, "missing_lines": [175, 176, 177, 179, 180, 182, 185, 187, 189, 191, 194, 195, 196, 197, 199, 200, 201, 203, 205, 206, 207, 208, 210, 211, 213, 214, 215], "excluded_lines": []}, "ROMChecksumVerifier.verify_before_flash": {"executed_lines": [227, 229, 234, 239, 240, 242, 244], "summary": {"covered_lines": 7, "num_statements": 14, "percent_covered": 50.0, "percent_covered_display": "50", "missing_lines": 7, "excluded_lines": 0, "percent_statements_covered": 50.0, "percent_statements_covered_display": "50"}, "missing_lines": [230, 231, 235, 236, 246, 247, 248], "excluded_lines": []}, "ROMChecksumVerifier.verify_after_flash": {"executed_lines": [260, 261], "summary": {"covered_lines": 2, "num_statements": 2, "percent_covered": 100.0, "percent_covered_display": "100", "missing_lines": 0, "excluded_lines": 0, "percent_statements_covered": 100.0, "percent_statements_covered_display": "100"}, "missing_lines": [], "excluded_lines": []}, "get_rom_verifier": {"executed_lines": [268], "summary": {"covered_lines": 1, "num_statements": 1, "percent_covered": 100.0, "percent_covered_display": "100", "missing_lines": 0, "excluded_lines": 0, "percent_statements_covered": 100.0, "percent_statements_covered_display": "100"}, "missing_lines": [], "excluded_lines": []}, "": {"executed_lines": [3, 8, 9, 10, 11, 12, 13, 14, 16, 18, 20, 21, 22, 23, 24, 25, 26, 28, 29, 30, 31, 32, 33, 34, 35, 36, 38, 39, 44, 57, 110, 141, 165, 217, 250, 264, 266], "summary": {"covered_lines": 33, "num_statements": 33, "percent_covered": 100.0, "percent_covered_display": "100", "missing_lines": 0, "excluded_lines": 0, "percent_statements_covered": 100.0, "percent_statements_covered_display": "100"}, "missing_lines": [], "excluded_lines": []}}, "classes": {"ChecksumType": {"executed_lines": [], "summary": {"covered_lines": 0, "num_statements": 0, "percent_covered": 100.0, "percent_covered_display": "100", "missing_lines": 0, "excluded_lines": 0, "percent_statements_covered": 100.0, "percent_statements_covered_display": "100"}, "missing_lines": [], "excluded_lines": []}, "ChecksumInfo": {"executed_lines": [], "summary": {"covered_lines": 0, "num_statements": 0, "percent_covered": 100.0, "percent_covered_display": "100", "missing_lines": 0, "excluded_lines": 0, "percent_statements_covered": 100.0, "percent_statements_covered_display": "100"}, "missing_lines": [], "excluded_lines": []}, "ROMChecksumVerifier": {"executed_lines": [46, 55, 67, 68, 69, 70, 72, 73, 75, 76, 78, 81, 82, 85, 92, 93, 95, 103, 104, 112, 113, 114, 115, 116, 117, 119, 120, 121, 122, 124, 125, 127, 128, 130, 132, 146, 147, 150, 151, 152, 153, 156, 157, 159, 227, 229, 234, 239, 240, 242, 244, 260, 261], "summary": {"covered_lines": 53, "num_statements": 106, "percent_covered": 50.0, "percent_covered_display": "50", "missing_lines": 53, "excluded_lines": 0, "percent_statements_covered": 50.0, "percent_statements_covered_display": "50"}, "missing_lines": [86, 87, 88, 89, 97, 98, 99, 100, 101, 106, 107, 108, 135, 137, 138, 139, 161, 162, 163, 175, 176, 177, 179, 180, 182, 185, 187, 189, 191, 194, 195, 196, 197, 199, 200, 201, 203, 205, 206, 207, 208, 210, 211, 213, 214, 215, 230, 231, 235, 236, 246, 247, 248], "excluded_lines": []}, "": {"executed_lines": [3, 8, 9, 10, 11, 12, 13, 14, 16, 18, 20, 21, 22, 23, 24, 25, 26, 28, 29, 30, 31, 32, 33, 34, 35, 36, 38, 39, 44, 57, 110, 141, 165, 217, 250, 264, 266, 268], "summary": {"covered_lines": 34, "num_statements": 34, "percent_covered": 100.0, "percent_covered_display": "100", "missing_lines": 0, "excluded_lines": 0, "percent_statements_covered": 100.0, "percent_statements_covered_display": "100"}, "missing_lines": [], "excluded_lines": []}}}, "core/safety_limits.py": {"executed_lines": [], "summary": {"covered_lines": 0, "num_statements": 0, "percent_covered": 100.0, "percent_covered_display": "100", "missing_lines": 0, "excluded_lines": 0, "percent_statements_covered": 100.0, "percent_statements_covered_display": "100"}, "missing_lines": [], "excluded_lines": [], "functions": {"": {"executed_lines": [], "summary": {"covered_lines": 0, "num_statements": 0, "percent_covered": 100.0, "percent_covered_display": "100", "missing_lines": 0, "excluded_lines": 0, "percent_statements_covered": 100.0, "percent_statements_covered_display": "100"}, "missing_lines": [], "excluded_lines": []}}, "classes": {"": {"executed_lines": [], "summary": {"covered_lines": 0, "num_statements": 0, "percent_covered": 100.0, "percent_covered_display": "100", "missing_lines": 0, "excluded_lines": 0, "percent_statements_covered": 100.0, "percent_statements_covered_display": "100"}, "missing_lines": [], "excluded_lines": []}}}, "core/safety_validator.py": {"executed_lines": [3, 8, 9, 10, 11, 12, 14, 15, 17, 19, 20, 21, 22, 23, 24, 26, 27, 28, 29, 30, 31, 32, 33, 34, 35, 36, 37, 38, 40, 41, 42, 43, 44, 45, 46, 47, 48, 50, 51, 56, 57, 58, 59, 60, 61, 64, 92, 94, 104, 105, 108, 109, 112, 113, 114, 116, 117, 118, 128, 129, 130, 132, 133, 134, 144, 145, 146, 148, 149, 150, 160, 161, 162, 163, 173, 174, 176, 178, 180, 193, 203, 204, 207, 208, 209, 220, 221, 222, 233, 234, 235, 236, 246, 247, 248, 258, 260, 261, 262, 263, 265, 271, 281, 283, 284, 285, 286, 288, 289, 295, 297, 298, 300, 302, 316, 318, 320], "summary": {"covered_lines": 112, "num_statements": 124, "percent_covered": 90.3225806451613, "percent_covered_display": "90", "missing_lines": 12, "excluded_lines": 0, "percent_statements_covered": 90.3225806451613, "percent_statements_covered_display": "90"}, "missing_lines": [182, 183, 184, 210, 223, 249, 267, 268, 269, 291, 292, 293], "excluded_lines": [], "functions": {"SafetyValidator.__init__": {"executed_lines": [57, 58, 59, 60, 61, 64, 92], "summary": {"covered_lines": 7, "num_statements": 7, "percent_covered": 100.0, "percent_covered_display": "100", "missing_lines": 0, "excluded_lines": 0, "percent_statements_covered": 100.0, "percent_statements_covered_display": "100"}, "missing_lines": [], "excluded_lines": []}, "SafetyValidator.validate_tuning_parameters": {"executed_lines": [104, 105, 108, 109, 112, 113, 114, 116, 117, 118, 128, 129, 130, 132, 133, 134, 144, 145, 146, 148, 149, 150, 160, 161, 162, 163, 173, 174, 176, 178, 180], "summary": {"covered_lines": 31, "num_statements": 34, "percent_covered": 91.17647058823529, "percent_covered_display": "91", "missing_lines": 3, "excluded_lines": 0, "percent_statements_covered": 91.17647058823529, "percent_statements_covered_display": "91"}, "missing_lines": [182, 183, 184], "excluded_lines": []}, "SafetyValidator.validate_live_data": {"executed_lines": [203, 204, 207, 208, 209, 220, 221, 222, 233, 234, 235, 236, 246, 247, 248, 258, 260, 261, 262, 263, 265], "summary": {"covered_lines": 21, "num_statements": 27, "percent_covered": 77.77777777777777, "percent_covered_display": "78", "missing_lines": 6, "excluded_lines": 0, "percent_statements_covered": 77.77777777777777, "percent_statements_covered_display": "78"}, "missing_lines": [210, 223, 249, 267, 268, 269], "excluded_lines": []}, "SafetyValidator.enable_safety_override": {"executed_lines": [281, 283, 284, 285, 286, 288, 289], "summary": {"covered_lines": 7, "num_statements": 10, "percent_covered": 70.0, "percent_covered_display": "70", "missing_lines": 3, "excluded_lines": 0, "percent_statements_covered": 70.0, "percent_statements_covered_display": "70"}, "missing_lines": [291, 292, 293], "excluded_lines": []}, "SafetyValidator.disable_safety_override": {"executed_lines": [297, 298], "summary": {"covered_lines": 2, "num_statements": 2, "percent_covered": 100.0, "percent_covered_display": "100", "missing_lines": 0, "excluded_lines": 0, "percent_statements_covered": 100.0, "percent_statements_covered_display": "100"}, "missing_lines": [], "excluded_lines": []}, "SafetyValidator.get_safety_status": {"executed_lines": [302], "summary": {"covered_lines": 1, "num_statements": 1, "percent_covered": 100.0, "percent_covered_display": "100", "missing_lines": 0, "excluded_lines": 0, "percent_statements_covered": 100.0, "percent_statements_covered_display": "100"}, "missing_lines": [], "excluded_lines": []}, "get_safety_validator": {"executed_lines": [320], "summary": {"covered_lines": 1, "num_statements": 1, "percent_covered": 100.0, "percent_covered_display": "100", "missing_lines": 0, "excluded_lines": 0, "percent_statements_covered": 100.0, "percent_statements_covered_display": "100"}, "missing_lines": [], "excluded_lines": []}, "": {"executed_lines": [3, 8, 9, 10, 11, 12, 14, 15, 17, 19, 20, 21, 22, 23, 24, 26, 27, 28, 29, 30, 31, 32, 33, 34, 35, 36, 37, 38, 40, 41, 42, 43, 44, 45, 46, 47, 48, 50, 51, 56, 94, 193, 271, 295, 300, 316, 318], "summary": {"covered_lines": 42, "num_statements": 42, "percent_covered": 100.0, "percent_covered_display": "100", "missing_lines": 0, "excluded_lines": 0, "percent_statements_covered": 100.0, "percent_statements_covered_display": "100"}, "missing_lines": [], "excluded_lines": []}}, "classes": {"SafetyLevel": {"executed_lines": [], "summary": {"covered_lines": 0, "num_statements": 0, "percent_covered": 100.0, "percent_covered_display": "100", "missing_lines": 0, "excluded_lines": 0, "percent_statements_covered": 100.0, "percent_statements_covered_display": "100"}, "missing_lines": [], "excluded_lines": []}, "SafetyLimits": {"executed_lines": [], "summary": {"covered_lines": 0, "num_statements": 0, "percent_covered": 100.0, "percent_covered_display": "100", "missing_lines": 0, "excluded_lines": 0, "percent_statements_covered": 100.0, "percent_statements_covered_display": "100"}, "missing_lines": [], "excluded_lines": []}, "SafetyViolation": {"executed_lines": [], "summary": {"covered_lines": 0, "num_statements": 0, "percent_covered": 100.0, "percent_covered_display": "100", "missing_lines": 0, "excluded_lines": 0, "percent_statements_covered": 100.0, "percent_statements_covered_display": "100"}, "missing_lines": [], "excluded_lines": []}, "SafetyValidator": {"executed_lines": [57, 58, 59, 60, 61, 64, 92, 104, 105, 108, 109, 112, 113, 114, 116, 117, 118, 128, 129, 130, 132, 133, 134, 144, 145, 146, 148, 149, 150, 160, 161, 162, 163, 173, 174, 176, 178, 180, 203, 204, 207, 208, 209, 220, 221, 222, 233, 234, 235, 236, 246, 247, 248, 258, 260, 261, 262, 263, 265, 281, 283, 284, 285, 286, 288, 289, 297, 298, 302], "summary": {"covered_lines": 69, "num_statements": 81, "percent_covered": 85.18518518518519, "percent_covered_display": "85", "missing_lines": 12, "excluded_lines": 0, "percent_statements_covered": 85.18518518518519, "percent_statements_covered_display": "85"}, "missing_lines": [182, 183, 184, 210, 223, 249, 267, 268, 269, 291, 292, 293], "excluded_lines": []}, "": {"executed_lines": [3, 8, 9, 10, 11, 12, 14, 15, 17, 19, 20, 21, 22, 23, 24, 26, 27, 28, 29, 30, 31, 32, 33, 34, 35, 36, 37, 38, 40, 41, 42, 43, 44, 45, 46, 47, 48, 50, 51, 56, 94, 193, 271, 295, 300, 316, 318, 320], "summary": {"covered_lines": 43, "num_statements": 43, "percent_covered": 100.0, "percent_covered_display": "100", "missing_lines": 0, "excluded_lines": 0, "percent_statements_covered": 100.0, "percent_statements_covered_display": "100"}, "missing_lines": [], "excluded_lines": []}}}, "core/versa_tuning_core.py": {"executed_lines": [], "summary": {"covered_lines": 0, "num_statements": 123, "percent_covered": 0.0, "percent_covered_display": "0", "missing_lines": 123, "excluded_lines": 0, "percent_statements_covered": 0.0, "percent_statements_covered_display": "0"}, "missing_lines": [7, 8, 9, 10, 13, 15, 25, 26, 27, 28, 31, 32, 33, 34, 35, 36, 37, 39, 40, 41, 42, 43, 44, 45, 46, 48, 49, 50, 51, 52, 53, 54, 56, 57, 58, 59, 60, 61, 62, 64, 66, 67, 68, 70, 71, 72, 73, 74, 76, 78, 87, 89, 97, 99, 107, 109, 117, 119, 124, 125, 126, 128, 130, 140, 152, 154, 155, 162, 165, 167, 168, 169, 170, 171, 173, 175, 186, 188, 190, 191, 193, 195, 209, 211, 212, 219, 222, 223, 225, 227, 229, 241, 243, 244, 251, 254, 256, 258, 260, 272, 274, 284, 286, 288, 300, 302, 305, 306, 307, 310, 312, 315, 316, 319, 321, 333, 334, 337, 338, 340, 342, 343, 344], "excluded_lines": [], "functions": {"VersaTuningCore.__init__": {"executed_lines": [], "summary": {"covered_lines": 0, "num_statements": 2, "percent_covered": 0.0, "percent_covered_display": "0", "missing_lines": 2, "excluded_lines": 0, "percent_statements_covered": 0.0, "percent_statements_covered_display": "0"}, "missing_lines": [125, 126], "excluded_lines": []}, "VersaTuningCore._load_default_safety_limits": {"executed_lines": [], "summary": {"covered_lines": 0, "num_statements": 1, "percent_covered": 0.0, "percent_covered_display": "0", "missing_lines": 1, "excluded_lines": 0, "percent_statements_covered": 0.0, "percent_statements_covered_display": "0"}, "missing_lines": [130], "excluded_lines": []}, "VersaTuningCore.build_patch_from_changeset": {"executed_lines": [], "summary": {"covered_lines": 0, "num_statements": 11, "percent_covered": 0.0, "percent_covered_display": "0", "missing_lines": 11, "excluded_lines": 0, "percent_statements_covered": 0.0, "percent_statements_covered_display": "0"}, "missing_lines": [152, 154, 155, 162, 165, 167, 168, 169, 170, 171, 173], "excluded_lines": []}, "VersaTuningCore.validate_patch_safety": {"executed_lines": [], "summary": {"covered_lines": 0, "num_statements": 5, "percent_covered": 0.0, "percent_covered_display": "0", "missing_lines": 5, "excluded_lines": 0, "percent_statements_covered": 0.0, "percent_statements_covered_display": "0"}, "missing_lines": [186, 188, 190, 191, 193], "excluded_lines": []}, "VersaTuningCore.apply_live_changes": {"executed_lines": [], "summary": {"covered_lines": 0, "num_statements": 8, "percent_covered": 0.0, "percent_covered_display": "0", "missing_lines": 8, "excluded_lines": 0, "percent_statements_covered": 0.0, "percent_statements_covered_display": "0"}, "missing_lines": [209, 211, 212, 219, 222, 223, 225, 227], "excluded_lines": []}, "VersaTuningCore.revert_live_changes": {"executed_lines": [], "summary": {"covered_lines": 0, "num_statements": 7, "percent_covered": 0.0, "percent_covered_display": "0", "missing_lines": 7, "excluded_lines": 0, "percent_statements_covered": 0.0, "percent_statements_covered_display": "0"}, "missing_lines": [241, 243, 244, 251, 254, 256, 258], "excluded_lines": []}, "VersaTuningCore.prepare_flash_package": {"executed_lines": [], "summary": {"covered_lines": 0, "num_statements": 3, "percent_covered": 0.0, "percent_covered_display": "0", "missing_lines": 3, "excluded_lines": 0, "percent_statements_covered": 0.0, "percent_statements_covered_display": "0"}, "missing_lines": [272, 274, 284], "excluded_lines": []}, "VersaTuningCore.get_safety_status": {"executed_lines": [], "summary": {"covered_lines": 0, "num_statements": 1, "percent_covered": 0.0, "percent_covered_display": "0", "missing_lines": 1, "excluded_lines": 0, "percent_statements_covered": 0.0, "percent_statements_covered_display": "0"}, "missing_lines": [288], "excluded_lines": []}, "get_versa_core": {"executed_lines": [], "summary": {"covered_lines": 0, "num_statements": 3, "percent_covered": 0.0, "percent_covered_display": "0", "missing_lines": 3, "excluded_lines": 0, "percent_statements_covered": 0.0, "percent_statements_covered_display": "0"}, "missing_lines": [305, 306, 307], "excluded_lines": []}, "test_versa_core": {"executed_lines": [], "summary": {"covered_lines": 0, "num_statements": 10, "percent_covered": 0.0, "percent_covered_display": "0", "missing_lines": 10, "excluded_lines": 0, "percent_statements_covered": 0.0, "percent_statements_covered_display": "0"}, "missing_lines": [312, 315, 316, 319, 321, 333, 334, 337, 338, 340], "excluded_lines": []}, "": {"executed_lines": [], "summary": {"covered_lines": 0, "num_statements": 72, "percent_covered": 0.0, "percent_covered_display": "0", "missing_lines": 72, "excluded_lines": 0, "percent_statements_covered": 0.0, "percent_statements_covered_display": "0"}, "missing_lines": [7, 8, 9, 10, 13, 15, 25, 26, 27, 28, 31, 32, 33, 34, 35, 36, 37, 39, 40, 41, 42, 43, 44, 45, 46, 48, 49, 50, 51, 52, 53, 54, 56, 57, 58, 59, 60, 61, 62, 64, 66, 67, 68, 70, 71, 72, 73, 74, 76, 78, 87, 89, 97, 99, 107, 109, 117, 119, 124, 128, 140, 175, 195, 229, 260, 286, 300, 302, 310, 342, 343, 344], "excluded_lines": []}}, "classes": {"VersaTuningCore": {"executed_lines": [], "summary": {"covered_lines": 0, "num_statements": 38, "percent_covered": 0.0, "percent_covered_display": "0", "missing_lines": 38, "excluded_lines": 0, "percent_statements_covered": 0.0, "percent_statements_covered_display": "0"}, "missing_lines": [125, 126, 130, 152, 154, 155, 162, 165, 167, 168, 169, 170, 171, 173, 186, 188, 190, 191, 193, 209, 211, 212, 219, 222, 223, 225, 227, 241, 243, 244, 251, 254, 256, 258, 272, 274, 284, 288], "excluded_lines": []}, "": {"executed_lines": [], "summary": {"covered_lines": 0, "num_statements": 85, "percent_covered": 0.0, "percent_covered_display": "0", "missing_lines": 85, "excluded_lines": 0, "percent_statements_covered": 0.0, "percent_statements_covered_display": "0"}, "missing_lines": [7, 8, 9, 10, 13, 15, 25, 26, 27, 28, 31, 32, 33, 34, 35, 36, 37, 39, 40, 41, 42, 43, 44, 45, 46, 48, 49, 50, 51, 52, 53, 54, 56, 57, 58, 59, 60, 61, 62, 64, 66, 67, 68, 70, 71, 72, 73, 74, 76, 78, 87, 89, 97, 99, 107, 109, 117, 119, 124, 128, 140, 175, 195, 229, 260, 286, 300, 302, 305, 306, 307, 310, 312, 315, 316, 319, 321, 333, 334, 337, 338, 340, 342, 343, 344], "excluded_lines": []}}}, "muts/comms/__init__.py": {"executed_lines": [1, 5], "summary": {"covered_lines": 1, "num_statements": 1, "percent_covered": 100.0, "percent_covered_display": "100", "missing_lines": 0, "excluded_lines": 0, "percent_statements_covered": 100.0, "percent_statements_covered_display": "100"}, "missing_lines": [], "excluded_lines": [], "functions": {"": {"executed_lines": [1, 5], "summary": {"covered_lines": 1, "num_statements": 1, "percent_covered": 100.0, "percent_covered_display": "100", "missing_lines": 0, "excluded_lines": 0, "percent_statements_covered": 100.0, "percent_statements_covered_display": "100"}, "missing_lines": [], "excluded_lines": []}}, "classes": {"": {"executed_lines": [1, 5], "summary": {"covered_lines": 1, "num_statements": 1, "percent_covered": 100.0, "percent_covered_display": "100", "missing_lines": 0, "excluded_lines": 0, "percent_statements_covered": 100.0, "percent_statements_covered_display": "100"}, "missing_lines": [], "excluded_lines": []}}}, "muts/comms/can_interface.py": {"executed_lines": [1, 6, 7, 8, 9, 10, 11, 12, 14, 16, 17, 18, 19, 20, 21, 22, 23, 25, 26, 31, 32, 33, 34, 35, 36, 37, 38, 41, 42, 43, 46, 47, 48, 51, 52, 54, 56, 71, 73, 74, 79, 80, 81, 86, 88, 89, 91, 93, 108, 136, 154, 176, 193, 208, 244, 277, 298, 328, 330, 332, 333, 335, 339, 342, 348, 354, 356, 357, 358, 359, 362, 363, 364, 366, 368, 369, 371, 377, 408, 431, 445, 449, 451, 453, 470, 471, 473, 474, 476, 477, 478, 479, 481, 482, 484, 486, 487, 489, 490, 492, 493, 494, 497, 498, 499, 500, 501, 502, 503, 504, 505, 506, 507, 508, 512, 513, 516, 517, 518], "summary": {"covered_lines": 115, "num_statements": 302, "percent_covered": 38.079470198675494, "percent_covered_display": "38", "missing_lines": 187, "excluded_lines": 0, "percent_statements_covered": 38.079470198675494, "percent_statements_covered_display": "38"}, "missing_lines": [82, 83, 84, 90, 95, 96, 98, 99, 100, 102, 103, 104, 106, 110, 111, 112, 113, 114, 123, 124, 126, 127, 129, 130, 131, 132, 133, 134, 138, 139, 141, 142, 143, 145, 146, 148, 150, 151, 152, 156, 158, 159, 162, 163, 166, 167, 170, 171, 173, 174, 178, 179, 181, 184, 185, 186, 187, 188, 191, 195, 196, 197, 198, 199, 200, 201, 202, 203, 205, 206, 210, 211, 214, 215, 216, 219, 220, 221, 224, 225, 226, 229, 230, 231, 234, 235, 236, 239, 241, 242, 246, 247, 250, 251, 252, 253, 256, 257, 258, 259, 262, 263, 264, 265, 268, 269, 270, 271, 272, 274, 275, 279, 280, 281, 283, 295, 296, 301, 303, 304, 306, 307, 309, 310, 313, 320, 321, 322, 324, 325, 326, 336, 350, 351, 352, 373, 374, 375, 379, 380, 382, 383, 384, 387, 389, 390, 394, 395, 397, 398, 399, 400, 402, 404, 405, 406, 410, 412, 413, 414, 417, 420, 425, 427, 428, 429, 433, 434, 435, 436, 437, 439, 441, 442, 443, 447, 455, 456, 462, 463, 465, 466, 467, 510, 520, 521, 523], "excluded_lines": [], "functions": {"Mazdaspeed3CANInterface.__init__": {"executed_lines": [32, 33, 34, 35, 36, 37, 38, 41, 42, 43, 46, 47, 48, 51, 52], "summary": {"covered_lines": 15, "num_statements": 15, "percent_covered": 100.0, "percent_covered_display": "100", "missing_lines": 0, "excluded_lines": 0, "percent_statements_covered": 100.0, "percent_statements_covered_display": "100"}, "missing_lines": [], "excluded_lines": []}, "Mazdaspeed3CANInterface._initialize_ecu_addresses": {"executed_lines": [56], "summary": {"covered_lines": 1, "num_statements": 1, "percent_covered": 100.0, "percent_covered_display": "100", "missing_lines": 0, "excluded_lines": 0, "percent_statements_covered": 100.0, "percent_statements_covered_display": "100"}, "missing_lines": [], "excluded_lines": []}, "Mazdaspeed3CANInterface.connect": {"executed_lines": [73, 74, 79, 80, 81], "summary": {"covered_lines": 5, "num_statements": 8, "percent_covered": 62.5, "percent_covered_display": "62", "missing_lines": 3, "excluded_lines": 0, "percent_statements_covered": 62.5, "percent_statements_covered_display": "62"}, "missing_lines": [82, 83, 84], "excluded_lines": []}, "Mazdaspeed3CANInterface.disconnect": {"executed_lines": [88, 89, 91], "summary": {"covered_lines": 3, "num_statements": 4, "percent_covered": 75.0, "percent_covered_display": "75", "missing_lines": 1, "excluded_lines": 0, "percent_statements_covered": 75.0, "percent_statements_covered_display": "75"}, "missing_lines": [90], "excluded_lines": []}, "Mazdaspeed3CANInterface.start_receiving": {"executed_lines": [], "summary": {"covered_lines": 0, "num_statements": 9, "percent_covered": 0.0, "percent_covered_display": "0", "missing_lines": 9, "excluded_lines": 0, "percent_statements_covered": 0.0, "percent_statements_covered_display": "0"}, "missing_lines": [95, 96, 98, 99, 100, 102, 103, 104, 106], "excluded_lines": []}, "Mazdaspeed3CANInterface._receive_loop": {"executed_lines": [], "summary": {"covered_lines": 0, "num_statements": 15, "percent_covered": 0.0, "percent_covered_display": "0", "missing_lines": 15, "excluded_lines": 0, "percent_statements_covered": 0.0, "percent_statements_covered_display": "0"}, "missing_lines": [110, 111, 112, 113, 114, 123, 124, 126, 127, 129, 130, 131, 132, 133, 134], "excluded_lines": []}, "Mazdaspeed3CANInterface._process_loop": {"executed_lines": [], "summary": {"covered_lines": 0, "num_statements": 11, "percent_covered": 0.0, "percent_covered_display": "0", "missing_lines": 11, "excluded_lines": 0, "percent_statements_covered": 0.0, "percent_statements_covered_display": "0"}, "missing_lines": [138, 139, 141, 142, 143, 145, 146, 148, 150, 151, 152], "excluded_lines": []}, "Mazdaspeed3CANInterface._process_can_message": {"executed_lines": [], "summary": {"covered_lines": 0, "num_statements": 11, "percent_covered": 0.0, "percent_covered_display": "0", "missing_lines": 11, "excluded_lines": 0, "percent_statements_covered": 0.0, "percent_statements_covered_display": "0"}, "missing_lines": [156, 158, 159, 162, 163, 166, 167, 170, 171, 173, 174], "excluded_lines": []}, "Mazdaspeed3CANInterface._process_engine_ecu_message": {"executed_lines": [], "summary": {"covered_lines": 0, "num_statements": 9, "percent_covered": 0.0, "percent_covered_display": "0", "missing_lines": 9, "excluded_lines": 0, "percent_statements_covered": 0.0, "percent_statements_covered_display": "0"}, "missing_lines": [178, 179, 181, 184, 185, 186, 187, 188, 191], "excluded_lines": []}, "Mazdaspeed3CANInterface._process_positive_response": {"executed_lines": [], "summary": {"covered_lines": 0, "num_statements": 11, "percent_covered": 0.0, "percent_covered_display": "0", "missing_lines": 11, "excluded_lines": 0, "percent_statements_covered": 0.0, "percent_statements_covered_display": "0"}, "missing_lines": [195, 196, 197, 198, 199, 200, 201, 202, 203, 205, 206], "excluded_lines": []}, "Mazdaspeed3CANInterface._process_realtime_data": {"executed_lines": [], "summary": {"covered_lines": 0, "num_statements": 20, "percent_covered": 0.0, "percent_covered_display": "0", "missing_lines": 20, "excluded_lines": 0, "percent_statements_covered": 0.0, "percent_statements_covered_display": "0"}, "missing_lines": [210, 211, 214, 215, 216, 219, 220, 221, 224, 225, 226, 229, 230, 231, 234, 235, 236, 239, 241, 242], "excluded_lines": []}, "Mazdaspeed3CANInterface._process_mazda_specific_data": {"executed_lines": [], "summary": {"covered_lines": 0, "num_statements": 21, "percent_covered": 0.0, "percent_covered_display": "0", "missing_lines": 21, "excluded_lines": 0, "percent_statements_covered": 0.0, "percent_statements_covered_display": "0"}, "missing_lines": [246, 247, 250, 251, 252, 253, 256, 257, 258, 259, 262, 263, 264, 265, 268, 269, 270, 271, 272, 274, 275], "excluded_lines": []}, "Mazdaspeed3CANInterface._process_negative_response": {"executed_lines": [], "summary": {"covered_lines": 0, "num_statements": 6, "percent_covered": 0.0, "percent_covered_display": "0", "missing_lines": 6, "excluded_lines": 0, "percent_statements_covered": 0.0, "percent_statements_covered_display": "0"}, "missing_lines": [279, 280, 281, 283, 295, 296], "excluded_lines": []}, "Mazdaspeed3CANInterface.send_diagnostic_request": {"executed_lines": [], "summary": {"covered_lines": 0, "num_statements": 14, "percent_covered": 0.0, "percent_covered_display": "0", "missing_lines": 14, "excluded_lines": 0, "percent_statements_covered": 0.0, "percent_statements_covered_display": "0"}, "missing_lines": [301, 303, 304, 306, 307, 309, 310, 313, 320, 321, 322, 324, 325, 326], "excluded_lines": []}, "Mazdaspeed3CANInterface.read_ecu_data": {"executed_lines": [330, 332, 333, 335, 339, 342, 348], "summary": {"covered_lines": 7, "num_statements": 11, "percent_covered": 63.63636363636363, "percent_covered_display": "64", "missing_lines": 4, "excluded_lines": 0, "percent_statements_covered": 63.63636363636363, "percent_statements_covered_display": "64"}, "missing_lines": [336, 350, 351, 352], "excluded_lines": []}, "Mazdaspeed3CANInterface.write_ecu_data": {"executed_lines": [356, 357, 358, 359, 362, 363, 364, 366, 368, 369, 371], "summary": {"covered_lines": 11, "num_statements": 14, "percent_covered": 78.57142857142857, "percent_covered_display": "79", "missing_lines": 3, "excluded_lines": 0, "percent_statements_covered": 78.57142857142857, "percent_statements_covered_display": "79"}, "missing_lines": [373, 374, 375], "excluded_lines": []}, "Mazdaspeed3CANInterface.security_access": {"executed_lines": [], "summary": {"covered_lines": 0, "num_statements": 18, "percent_covered": 0.0, "percent_covered_display": "0", "missing_lines": 18, "excluded_lines": 0, "percent_statements_covered": 0.0, "percent_statements_covered_display": "0"}, "missing_lines": [379, 380, 382, 383, 384, 387, 389, 390, 394, 395, 397, 398, 399, 400, 402, 404, 405, 406], "excluded_lines": []}, "Mazdaspeed3CANInterface.read_dtcs": {"executed_lines": [], "summary": {"covered_lines": 0, "num_statements": 10, "percent_covered": 0.0, "percent_covered_display": "0", "missing_lines": 10, "excluded_lines": 0, "percent_statements_covered": 0.0, "percent_statements_covered_display": "0"}, "missing_lines": [410, 412, 413, 414, 417, 420, 425, 427, 428, 429], "excluded_lines": []}, "Mazdaspeed3CANInterface.clear_dtcs": {"executed_lines": [], "summary": {"covered_lines": 0, "num_statements": 9, "percent_covered": 0.0, "percent_covered_display": "0", "missing_lines": 9, "excluded_lines": 0, "percent_statements_covered": 0.0, "percent_statements_covered_display": "0"}, "missing_lines": [433, 434, 435, 436, 437, 439, 441, 442, 443], "excluded_lines": []}, "Mazdaspeed3CANInterface.get_live_data": {"executed_lines": [], "summary": {"covered_lines": 0, "num_statements": 1, "percent_covered": 0.0, "percent_covered_display": "0", "missing_lines": 1, "excluded_lines": 0, "percent_statements_covered": 0.0, "percent_statements_covered_display": "0"}, "missing_lines": [447], "excluded_lines": []}, "Mazdaspeed3CANInterface.register_message_handler": {"executed_lines": [451], "summary": {"covered_lines": 1, "num_statements": 1, "percent_covered": 100.0, "percent_covered_display": "100", "missing_lines": 0, "excluded_lines": 0, "percent_statements_covered": 100.0, "percent_statements_covered_display": "100"}, "missing_lines": [], "excluded_lines": []}, "Mazdaspeed3CANInterface.send_custom_message": {"executed_lines": [], "summary": {"covered_lines": 0, "num_statements": 7, "percent_covered": 0.0, "percent_covered_display": "0", "missing_lines": 7, "excluded_lines": 0, "percent_statements_covered": 0.0, "percent_statements_covered_display": "0"}, "missing_lines": [455, 456, 462, 463, 465, 466, 467], "excluded_lines": []}, "CANUtilities.calculate_checksum_8bit": {"executed_lines": [476, 477, 478, 479], "summary": {"covered_lines": 4, "num_statements": 4, "percent_covered": 100.0, "percent_covered_display": "100", "missing_lines": 0, "excluded_lines": 0, "percent_statements_covered": 100.0, "percent_statements_covered_display": "100"}, "missing_lines": [], "excluded_lines": []}, "CANUtilities.bytes_to_hex_string": {"executed_lines": [484], "summary": {"covered_lines": 1, "num_statements": 1, "percent_covered": 100.0, "percent_covered_display": "100", "missing_lines": 0, "excluded_lines": 0, "percent_statements_covered": 100.0, "percent_statements_covered_display": "100"}, "missing_lines": [], "excluded_lines": []}, "CANUtilities.parse_obd2_pid_response": {"executed_lines": [489, 490, 492, 493, 494, 497, 498, 499, 500, 501, 502, 503, 504, 505, 506, 507, 508], "summary": {"covered_lines": 17, "num_statements": 18, "percent_covered": 94.44444444444444, "percent_covered_display": "94", "missing_lines": 1, "excluded_lines": 0, "percent_statements_covered": 94.44444444444444, "percent_statements_covered_display": "94"}, "missing_lines": [510], "excluded_lines": []}, "CANUtilities.build_mazda_specific_request": {"executed_lines": [516, 517, 518], "summary": {"covered_lines": 3, "num_statements": 6, "percent_covered": 50.0, "percent_covered_display": "50", "missing_lines": 3, "excluded_lines": 0, "percent_statements_covered": 50.0, "percent_statements_covered_display": "50"}, "missing_lines": [520, 521, 523], "excluded_lines": []}, "": {"executed_lines": [1, 6, 7, 8, 9, 10, 11, 12, 14, 16, 17, 18, 19, 20, 21, 22, 23, 25, 26, 31, 54, 71, 86, 93, 108, 136, 154, 176, 193, 208, 244, 277, 298, 328, 354, 377, 408, 431, 445, 449, 453, 470, 471, 473, 474, 481, 482, 486, 487, 512, 513], "summary": {"covered_lines": 47, "num_statements": 47, "percent_covered": 100.0, "percent_covered_display": "100", "missing_lines": 0, "excluded_lines": 0, "percent_statements_covered": 100.0, "percent_statements_covered_display": "100"}, "missing_lines": [], "excluded_lines": []}}, "classes": {"CANMessage": {"executed_lines": [], "summary": {"covered_lines": 0, "num_statements": 0, "percent_covered": 100.0, "percent_covered_display": "100", "missing_lines": 0, "excluded_lines": 0, "percent_statements_covered": 100.0, "percent_statements_covered_display": "100"}, "missing_lines": [], "excluded_lines": []}, "Mazdaspeed3CANInterface": {"executed_lines": [32, 33, 34, 35, 36, 37, 38, 41, 42, 43, 46, 47, 48, 51, 52, 56, 73, 74, 79, 80, 81, 88, 89, 91, 330, 332, 333, 335, 339, 342, 348, 356, 357, 358, 359, 362, 363, 364, 366, 368, 369, 371, 451], "summary": {"covered_lines": 43, "num_statements": 226, "percent_covered": 19.02654867256637, "percent_covered_display": "19", "missing_lines": 183, "excluded_lines": 0, "percent_statements_covered": 19.02654867256637, "percent_statements_covered_display": "19"}, "missing_lines": [82, 83, 84, 90, 95, 96, 98, 99, 100, 102, 103, 104, 106, 110, 111, 112, 113, 114, 123, 124, 126, 127, 129, 130, 131, 132, 133, 134, 138, 139, 141, 142, 143, 145, 146, 148, 150, 151, 152, 156, 158, 159, 162, 163, 166, 167, 170, 171, 173, 174, 178, 179, 181, 184, 185, 186, 187, 188, 191, 195, 196, 197, 198, 199, 200, 201, 202, 203, 205, 206, 210, 211, 214, 215, 216, 219, 220, 221, 224, 225, 226, 229, 230, 231, 234, 235, 236, 239, 241, 242, 246, 247, 250, 251, 252, 253, 256, 257, 258, 259, 262, 263, 264, 265, 268, 269, 270, 271, 272, 274, 275, 279, 280, 281, 283, 295, 296, 301, 303, 304, 306, 307, 309, 310, 313, 320, 321, 322, 324, 325, 326, 336, 350, 351, 352, 373, 374, 375, 379, 380, 382, 383, 384, 387, 389, 390, 394, 395, 397, 398, 399, 400, 402, 404, 405, 406, 410, 412, 413, 414, 417, 420, 425, 427, 428, 429, 433, 434, 435, 436, 437, 439, 441, 442, 443, 447, 455, 456, 462, 463, 465, 466, 467], "excluded_lines": []}, "CANUtilities": {"executed_lines": [476, 477, 478, 479, 484, 489, 490, 492, 493, 494, 497, 498, 499, 500, 501, 502, 503, 504, 505, 506, 507, 508, 516, 517, 518], "summary": {"covered_lines": 25, "num_statements": 29, "percent_covered": 86.20689655172414, "percent_covered_display": "86", "missing_lines": 4, "excluded_lines": 0, "percent_statements_covered": 86.20689655172414, "percent_statements_covered_display": "86"}, "missing_lines": [510, 520, 521, 523], "excluded_lines": []}, "": {"executed_lines": [1, 6, 7, 8, 9, 10, 11, 12, 14, 16, 17, 18, 19, 20, 21, 22, 23, 25, 26, 31, 54, 71, 86, 93, 108, 136, 154, 176, 193, 208, 244, 277, 298, 328, 354, 377, 408, 431, 445, 449, 453, 470, 471, 473, 474, 481, 482, 486, 487, 512, 513], "summary": {"covered_lines": 47, "num_statements": 47, "percent_covered": 100.0, "percent_covered_display": "100", "missing_lines": 0, "excluded_lines": 0, "percent_statements_covered": 100.0, "percent_statements_covered_display": "100"}, "missing_lines": [], "excluded_lines": []}}}, "muts/config/__init__.py": {"executed_lines": [1, 5], "summary": {"covered_lines": 1, "num_statements": 1, "percent_covered": 100.0, "percent_covered_display": "100", "missing_lines": 0, "excluded_lines": 0, "percent_statements_covered": 100.0, "percent_statements_covered_display": "100"}, "missing_lines": [], "excluded_lines": [], "functions": {"": {"executed_lines": [1, 5], "summary": {"covered_lines": 1, "num_statements": 1, "percent_covered": 100.0, "percent_covered_display": "100", "missing_lines": 0, "excluded_lines": 0, "percent_statements_covered": 100.0, "percent_statements_covered_display": "100"}, "missing_lines": [], "excluded_lines": []}}, "classes": {"": {"executed_lines": [1, 5], "summary": {"covered_lines": 1, "num_statements": 1, "percent_covered": 100.0, "percent_covered_display": "100", "missing_lines": 0, "excluded_lines": 0, "percent_statements_covered": 100.0, "percent_statements_covered_display": "100"}, "missing_lines": [], "excluded_lines": []}}}, "muts/config/mazdaspeed3_config.py": {"executed_lines": [1, 7, 24, 36, 46, 54, 69, 78, 90, 104, 117, 130], "summary": {"covered_lines": 11, "num_statements": 11, "percent_covered": 100.0, "percent_covered_display": "100", "missing_lines": 0, "excluded_lines": 0, "percent_statements_covered": 100.0, "percent_statements_covered_display": "100"}, "missing_lines": [], "excluded_lines": [], "functions": {"": {"executed_lines": [1, 7, 24, 36, 46, 54, 69, 78, 90, 104, 117, 130], "summary": {"covered_lines": 11, "num_statements": 11, "percent_covered": 100.0, "percent_covered_display": "100", "missing_lines": 0, "excluded_lines": 0, "percent_statements_covered": 100.0, "percent_statements_covered_display": "100"}, "missing_lines": [], "excluded_lines": []}}, "classes": {"": {"executed_lines": [1, 7, 24, 36, 46, 54, 69, 78, 90, 104, 117, 130], "summary": {"covered_lines": 11, "num_statements": 11, "percent_covered": 100.0, "percent_covered_display": "100", "missing_lines": 0, "excluded_lines": 0, "percent_statements_covered": 100.0, "percent_statements_covered_display": "100"}, "missing_lines": [], "excluded_lines": []}}}, "muts/core/__init__.py": {"executed_lines": [1, 5], "summary": {"covered_lines": 1, "num_statements": 1, "percent_covered": 100.0, "percent_covered_display": "100", "missing_lines": 0, "excluded_lines": 0, "percent_statements_covered": 100.0, "percent_statements_covered_display": "100"}, "missing_lines": [], "excluded_lines": [], "functions": {"": {"executed_lines": [1, 5], "summary": {"covered_lines": 1, "num_statements": 1, "percent_covered": 100.0, "percent_covered_display": "100", "missing_lines": 0, "excluded_lines": 0, "percent_statements_covered": 100.0, "percent_statements_covered_display": "100"}, "missing_lines": [], "excluded_lines": []}}, "classes": {"": {"executed_lines": [1, 5], "summary": {"covered_lines": 1, "num_statements": 1, "percent_covered": 100.0, "percent_covered_display": "100", "missing_lines": 0, "excluded_lines": 0, "percent_statements_covered": 100.0, "percent_statements_covered_display": "100"}, "missing_lines": [], "excluded_lines": []}}}, "muts/core/main.py": {"executed_lines": [1, 6, 7, 8, 9, 10, 12, 13, 14, 15, 16, 17, 18, 19, 20, 21, 22, 23, 26, 35, 37, 38, 43, 85, 123, 131, 140, 155, 169, 176, 183, 212, 231, 238, 243, 259, 269, 284, 305, 318, 344, 355, 360, 397, 453, 489, 525, 569, 592, 609, 618, 627, 637, 647], "summary": {"covered_lines": 52, "num_statements": 313, "percent_covered": 16.61341853035144, "percent_covered_display": "17", "missing_lines": 261, "excluded_lines": 0, "percent_statements_covered": 16.61341853035144, "percent_statements_covered_display": "17"}, "missing_lines": [45, 46, 47, 48, 49, 50, 51, 52, 53, 54, 55, 56, 57, 58, 59, 60, 63, 64, 65, 68, 69, 70, 73, 74
[...]
overed": 100.0, "percent_statements_covered_display": "100"}, "missing_lines": [], "excluded_lines": [], "functions": {"ECUQueue.__init__": {"executed_lines": [6], "summary": {"covered_lines": 1, "num_statements": 1, "percent_covered": 100.0, "percent_covered_display": "100", "missing_lines": 0, "excluded_lines": 0, "percent_statements_covered": 100.0, "percent_statements_covered_display": "100"}, "missing_lines": [], "excluded_lines": []}, "ECUQueue.push_many": {"executed_lines": [9, 10], "summary": {"covered_lines": 2, "num_statements": 2, "percent_covered": 100.0, "percent_covered_display": "100", "missing_lines": 0, "excluded_lines": 0, "percent_statements_covered": 100.0, "percent_statements_covered_display": "100"}, "missing_lines": [], "excluded_lines": []}, "ECUQueue.drain_sim": {"executed_lines": [14, 15, 16, 17, 18], "summary": {"covered_lines": 5, "num_statements": 5, "percent_covered": 100.0, "percent_covered_display": "100", "missing_lines": 0, "excluded_lines": 0, "percent_statements_covered": 100.0, "percent_statements_covered_display": "100"}, "missing_lines": [], "excluded_lines": []}, "": {"executed_lines": [1, 2, 4, 5, 8, 12, 20], "summary": {"covered_lines": 7, "num_statements": 7, "percent_covered": 100.0, "percent_covered_display": "100", "missing_lines": 0, "excluded_lines": 0, "percent_statements_covered": 100.0, "percent_statements_covered_display": "100"}, "missing_lines": [], "excluded_lines": []}}, "classes": {"ECUQueue": {"executed_lines": [6, 9, 10, 14, 15, 16, 17, 18], "summary": {"covered_lines": 8, "num_statements": 8, "percent_covered": 100.0, "percent_covered_display": "100", "missing_lines": 0, "excluded_lines": 0, "percent_statements_covered": 100.0, "percent_statements_covered_display": "100"}, "missing_lines": [], "excluded_lines": []}, "": {"executed_lines": [1, 2, 4, 5, 8, 12, 20], "summary": {"covered_lines": 7, "num_statements": 7, "percent_covered": 100.0, "percent_covered_display": "100", "missing_lines": 0, "excluded_lines": 0, "percent_statements_covered": 100.0, "percent_statements_covered_display": "100"}, "missing_lines": [], "excluded_lines": []}}}, "muts/utils/__init__.py": {"executed_lines": [1, 5, 6], "summary": {"covered_lines": 2, "num_statements": 2, "percent_covered": 100.0, "percent_covered_display": "100", "missing_lines": 0, "excluded_lines": 0, "percent_statements_covered": 100.0, "percent_statements_covered_display": "100"}, "missing_lines": [], "excluded_lines": [], "functions": {"": {"executed_lines": [1, 5, 6], "summary": {"covered_lines": 2, "num_statements": 2, "percent_covered": 100.0, "percent_covered_display": "100", "missing_lines": 0, "excluded_lines": 0, "percent_statements_covered": 100.0, "percent_statements_covered_display": "100"}, "missing_lines": [], "excluded_lines": []}}, "classes": {"": {"executed_lines": [1, 5, 6], "summary": {"covered_lines": 2, "num_statements": 2, "percent_covered": 100.0, "percent_covered_display": "100", "missing_lines": 0, "excluded_lines": 0, "percent_statements_covered": 100.0, "percent_statements_covered_display": "100"}, "missing_lines": [], "excluded_lines": []}}}, "muts/utils/calculations.py": {"executed_lines": [1, 6, 7, 8, 10, 11, 13, 14, 16, 18, 28, 33, 34, 40, 42, 44, 52, 53, 55, 58, 60, 62, 64, 65, 67, 69, 71, 72, 74, 75, 78, 80, 82, 84, 85, 87, 88, 90, 92, 94, 117, 140, 146, 149, 152, 153, 156, 159, 160, 161, 164, 167, 169, 171, 179, 185, 186, 188, 192, 195, 196, 199, 202, 204, 206, 207, 209, 210, 212, 214, 237, 242, 245, 247, 248, 251, 264, 266, 271, 273, 278, 285, 286, 289, 297, 299, 304, 307, 311, 314, 315, 318, 319, 321, 325, 328, 331, 333, 335, 340, 343, 346, 357, 359, 361, 362, 364, 365], "summary": {"covered_lines": 105, "num_statements": 144, "percent_covered": 72.91666666666667, "percent_covered_display": "73", "missing_lines": 39, "excluded_lines": 0, "percent_statements_covered": 72.91666666666667, "percent_statements_covered_display": "73"}, "missing_lines": [100, 101, 103, 104, 107, 110, 111, 113, 115, 123, 126, 129, 130, 131, 133, 136, 138, 154, 254, 256, 259, 261, 262, 275, 276, 280, 281, 291, 292, 293, 294, 295, 320, 322, 348, 349, 351, 354, 355], "excluded_lines": [], "functions": {"AdvancedCalculations.__init__": {"executed_lines": [14], "summary": {"covered_lines": 1, "num_statements": 1, "percent_covered": 100.0, "percent_covered_display": "100", "missing_lines": 0, "excluded_lines": 0, "percent_statements_covered": 100.0, "percent_statements_covered_display": "100"}, "missing_lines": [], "excluded_lines": []}, "AdvancedCalculations._initialize_constants": {"executed_lines": [18], "summary": {"covered_lines": 1, "num_statements": 1, "percent_covered": 100.0, "percent_covered_display": "100", "missing_lines": 0, "excluded_lines": 0, "percent_statements_covered": 100.0, "percent_statements_covered_display": "100"}, "missing_lines": [], "excluded_lines": []}, "AdvancedCalculations.calculate_brake_horsepower": {"executed_lines": [33, 34, 40, 42], "summary": {"covered_lines": 4, "num_statements": 4, "percent_covered": 100.0, "percent_covered_display": "100", "missing_lines": 0, "excluded_lines": 0, "percent_statements_covered": 100.0, "percent_statements_covered_display": "100"}, "missing_lines": [], "excluded_lines": []}, "AdvancedCalculations.calculate_engine_torque": {"executed_lines": [52, 53, 55, 58, 60], "summary": {"covered_lines": 5, "num_statements": 5, "percent_covered": 100.0, "percent_covered_display": "100", "missing_lines": 0, "excluded_lines": 0, "percent_statements_covered": 100.0, "percent_statements_covered_display": "100"}, "missing_lines": [], "excluded_lines": []}, "AdvancedCalculations.calculate_air_fuel_ratio": {"executed_lines": [64, 65, 67], "summary": {"covered_lines": 3, "num_statements": 3, "percent_covered": 100.0, "percent_covered_display": "100", "missing_lines": 0, "excluded_lines": 0, "percent_statements_covered": 100.0, "percent_statements_covered_display": "100"}, "missing_lines": [], "excluded_lines": []}, "AdvancedCalculations.calculate_boost_pressure": {"executed_lines": [71, 72, 74, 75, 78, 80], "summary": {"covered_lines": 6, "num_statements": 6, "percent_covered": 100.0, "percent_covered_display": "100", "missing_lines": 0, "excluded_lines": 0, "percent_statements_covered": 100.0, "percent_statements_covered_display": "100"}, "missing_lines": [], "excluded_lines": []}, "AdvancedCalculations.calculate_pressure_ratio": {"executed_lines": [84, 85, 87, 88, 90, 92], "summary": {"covered_lines": 6, "num_statements": 6, "percent_covered": 100.0, "percent_covered_display": "100", "missing_lines": 0, "excluded_lines": 0, "percent_statements_covered": 100.0, "percent_statements_covered_display": "100"}, "missing_lines": [], "excluded_lines": []}, "AdvancedCalculations.calculate_compressor_outlet_temperature": {"executed_lines": [], "summary": {"covered_lines": 0, "num_statements": 9, "percent_covered": 0.0, "percent_covered_display": "0", "missing_lines": 9, "excluded_lines": 0, "percent_statements_covered": 0.0, "percent_statements_covered_display": "0"}, "missing_lines": [100, 101, 103, 104, 107, 110, 111, 113, 115], "excluded_lines": []}, "AdvancedCalculations.calculate_turbo_mass_flow": {"executed_lines": [], "summary": {"covered_lines": 0, "num_statements": 8, "percent_covered": 0.0, "percent_covered_display": "0", "missing_lines": 8, "excluded_lines": 0, "percent_statements_covered": 0.0, "percent_statements_covered_display": "0"}, "missing_lines": [123, 126, 129, 130, 131, 133, 136, 138], "excluded_lines": []}, "AdvancedCalculations.calculate_exhaust_gas_temperature": {"executed_lines": [146, 149, 152, 153, 156, 159, 160, 161, 164, 167, 169], "summary": {"covered_lines": 11, "num_statements": 12, "percent_covered": 91.66666666666667, "percent_covered_display": "92", "missing_lines": 1, "excluded_lines": 0, "percent_statements_covered": 91.66666666666667, "percent_statements_covered_display": "92"}, "missing_lines": [154], "excluded_lines": []}, "AdvancedCalculations.calculate_volumetric_efficiency": {"executed_lines": [179, 185, 186, 188, 192, 195, 196, 199, 202, 204], "summary": {"covered_lines": 10, "num_statements": 10, "percent_covered": 100.0, "percent_covered_display": "100", "missing_lines": 0, "excluded_lines": 0, "percent_statements_covered": 100.0, "percent_statements_covered_display": "100"}, "missing_lines": [], "excluded_lines": []}, "TuningSecrets.__init__": {"executed_lines": [210], "summary": {"covered_lines": 1, "num_statements": 1, "percent_covered": 100.0, "percent_covered_display": "100", "missing_lines": 0, "excluded_lines": 0, "percent_statements_covered": 100.0, "percent_statements_covered_display": "100"}, "missing_lines": [], "excluded_lines": []}, "TuningSecrets._initialize_secret_methods": {"executed_lines": [214], "summary": {"covered_lines": 1, "num_statements": 1, "percent_covered": 100.0, "percent_covered_display": "100", "missing_lines": 0, "excluded_lines": 0, "percent_statements_covered": 100.0, "percent_statements_covered_display": "100"}, "missing_lines": [], "excluded_lines": []}, "TuningSecrets._faster_spool_technique": {"executed_lines": [242, 245, 247, 248, 251, 264], "summary": {"covered_lines": 6, "num_statements": 11, "percent_covered": 54.54545454545455, "percent_covered_display": "55", "missing_lines": 5, "excluded_lines": 0, "percent_statements_covered": 54.54545454545455, "percent_statements_covered_display": "55"}, "missing_lines": [254, 256, 259, 261, 262], "excluded_lines": []}, "TuningSecrets._vvt_torque_optimization": {"executed_lines": [271, 273, 278, 285, 286, 289, 297], "summary": {"covered_lines": 7, "num_statements": 16, "percent_covered": 43.75, "percent_covered_display": "44", "missing_lines": 9, "excluded_lines": 0, "percent_statements_covered": 43.75, "percent_statements_covered_display": "44"}, "missing_lines": [275, 276, 280, 281, 291, 292, 293, 294, 295], "excluded_lines": []}, "TuningSecrets._ignition_knock_margin": {"executed_lines": [304, 307, 311, 314, 315, 318, 319, 321, 325, 328, 331, 333], "summary": {"covered_lines": 12, "num_statements": 14, "percent_covered": 85.71428571428571, "percent_covered_display": "86", "missing_lines": 2, "excluded_lines": 0, "percent_statements_covered": 85.71428571428571, "percent_statements_covered_display": "86"}, "missing_lines": [320, 322], "excluded_lines": []}, "TuningSecrets._boost_taper_optimization": {"executed_lines": [340, 343, 346, 357], "summary": {"covered_lines": 4, "num_statements": 9, "percent_covered": 44.44444444444444, "percent_covered_display": "44", "missing_lines": 5, "excluded_lines": 0, "percent_statements_covered": 44.44444444444444, "percent_statements_covered_display": "44"}, "missing_lines": [348, 349, 351, 354, 355], "excluded_lines": []}, "TuningSecrets.apply_tuning_secret": {"executed_lines": [361, 362, 364, 365], "summary": {"covered_lines": 4, "num_statements": 4, "percent_covered": 100.0, "percent_covered_display": "100", "missing_lines": 0, "excluded_lines": 0, "percent_statements_covered": 100.0, "percent_statements_covered_display": "100"}, "missing_lines": [], "excluded_lines": []}, "": {"executed_lines": [1, 6, 7, 8, 10, 11, 13, 16, 28, 44, 62, 69, 82, 94, 117, 140, 171, 206, 207, 209, 212, 237, 266, 299, 335, 359], "summary": {"covered_lines": 23, "num_statements": 23, "percent_covered": 100.0, "percent_covered_display": "100", "missing_lines": 0, "excluded_lines": 0, "percent_statements_covered": 100.0, "percent_statements_covered_display": "100"}, "missing_lines": [], "excluded_lines": []}}, "classes": {"AdvancedCalculations": {"executed_lines": [14, 18, 33, 34, 40, 42, 52, 53, 55, 58, 60, 64, 65, 67, 71, 72, 74, 75, 78, 80, 84, 85, 87, 88, 90, 92, 146, 149, 152, 153, 156, 159, 160, 161, 164, 167, 169, 179, 185, 186, 188, 192, 195, 196, 199, 202, 204], "summary": {"covered_lines": 47, "num_statements": 65, "percent_covered": 72.3076923076923, "percent_covered_display": "72", "missing_lines": 18, "excluded_lines": 0, "percent_statements_covered": 72.3076923076923, "percent_statements_covered_display": "72"}, "missing_lines": [100, 101, 103, 104, 107, 110, 111, 113, 115, 123, 126, 129, 130, 131, 133, 136, 138, 154], "excluded_lines": []}, "TuningSecrets": {"executed_lines": [210, 214, 242, 245, 247, 248, 251, 264, 271, 273, 278, 285, 286, 289, 297, 304, 307, 311, 314, 315, 318, 319, 321, 325, 328, 331, 333, 340, 343, 346, 357, 361, 362, 364, 365], "summary": {"covered_lines": 35, "num_statements": 56, "percent_covered": 62.5, "percent_covered_display": "62", "missing_lines": 21, "excluded_lines": 0, "percent_statements_covered": 62.5, "percent_statements_covered_display": "62"}, "missing_lines": [254, 256, 259, 261, 262, 275, 276, 280, 281, 291, 292, 293, 294, 295, 320, 322, 348, 349, 351, 354, 355], "excluded_lines": []}, "": {"executed_lines": [1, 6, 7, 8, 10, 11, 13, 16, 28, 44, 62, 69, 82, 94, 117, 140, 171, 206, 207, 209, 212, 237, 266, 299, 335, 359], "summary": {"covered_lines": 23, "num_statements": 23, "percent_covered": 100.0, "percent_covered_display": "100", "missing_lines": 0, "excluded_lines": 0, "percent_statements_covered": 100.0, "percent_statements_covered_display": "100"}, "missing_lines": [], "excluded_lines": []}}}, "muts/utils/security.py": {"executed_lines": [1, 6, 7, 8, 9, 10, 11, 12, 13, 14, 15, 16, 17, 19, 20, 25, 27, 28, 30, 31, 33, 35, 37, 39, 40, 47, 48, 50, 54, 56, 59, 62, 65, 72, 77, 81, 83, 84, 87, 88, 91, 92, 96, 98, 103, 108, 110, 113, 120, 127, 132, 136, 138, 139, 142, 143, 144, 147, 148, 151, 152, 158, 163, 167, 169, 172, 177, 180, 183, 185, 190, 194, 196, 197, 200, 205, 208, 210, 215, 219, 221, 224, 227, 230, 236, 241, 242, 243, 246], "summary": {"covered_lines": 86, "num_statements": 101, "percent_covered": 85.14851485148515, "percent_covered_display": "85", "missing_lines": 15, "excluded_lines": 0, "percent_statements_covered": 85.14851485148515, "percent_statements_covered_display": "85"}, "missing_lines": [74, 75, 93, 100, 101, 129, 130, 160, 161, 187, 188, 212, 213, 238, 239], "excluded_lines": [], "functions": {"SecurityManager.__init__": {"executed_lines": [27, 28, 30, 31], "summary": {"covered_lines": 4, "num_statements": 4, "percent_covered": 100.0, "percent_covered_display": "100", "missing_lines": 0, "excluded_lines": 0, "percent_statements_covered": 100.0, "percent_statements_covered_display": "100"}, "missing_lines": [], "excluded_lines": []}, "SecurityManager._generate_master_key": {"executed_lines": [35], "summary": {"covered_lines": 1, "num_statements": 1, "percent_covered": 100.0, "percent_covered_display": "100", "missing_lines": 0, "excluded_lines": 0, "percent_statements_covered": 100.0, "percent_statements_covered_display": "100"}, "missing_lines": [], "excluded_lines": []}, "SecurityManager._derive_encryption_key": {"executed_lines": [39, 40, 47, 48], "summary": {"covered_lines": 4, "num_statements": 4, "percent_covered": 100.0, "percent_covered_display": "100", "missing_lines": 0, "excluded_lines": 0, "percent_statements_covered": 100.0, "percent_statements_covered_display": "100"}, "missing_lines": [], "excluded_lines": []}, "SecurityManager.encrypt_calibration_data": {"executed_lines": [54, 56, 59, 62, 65, 72], "summary": {"covered_lines": 6, "num_statements": 8, "percent_covered": 75.0, "percent_covered_display": "75", "missing_lines": 2, "excluded_lines": 0, "percent_statements_covered": 75.0, "percent_statements_covered_display": "75"}, "missing_lines": [74, 75], "excluded_lines": []}, "SecurityManager.decrypt_calibration_data": {"executed_lines": [81, 83, 84, 87, 88, 91, 92, 96, 98], "summary": {"covered_lines": 9, "num_statements": 12, "percent_covered": 75.0, "percent_covered_display": "75", "missing_lines": 3, "excluded_lines": 0, "percent_statements_covered": 75.0, "percent_statements_covered_display": "75"}, "missing_lines": [93, 100, 101], "excluded_lines": []}, "SecurityManager.generate_vehicle_signature": {"executed_lines": [108, 110, 113, 120, 127], "summary": {"covered_lines": 5, "num_statements": 7, "percent_covered": 71.42857142857143, "percent_covered_display": "71", "missing_lines": 2, "excluded_lines": 0, "percent_statements_covered": 71.42857142857143, "percent_statements_covered_display": "71"}, "missing_lines": [129, 130], "excluded_lines": []}, "SecurityManager.verify_vehicle_signature": {"executed_lines": [136, 138, 139, 142, 143, 144, 147, 148, 151, 152, 158], "summary": {"covered_lines": 11, "num_statements": 13, "percent_covered": 84.61538461538461, "percent_covered_display": "85", "missing_lines": 2, "excluded_lines": 0, "percent_statements_covered": 84.61538461538461, "percent_statements_covered_display": "85"}, "missing_lines": [160, 161], "excluded_lines": []}, "SecurityManager.protect_ai_model": {"executed_lines": [167, 169, 172, 177, 180, 183, 185], "summary": {"covered_lines": 7, "num_statements": 9, "percent_covered": 77.77777777777777, "percent_covered_display": "78", "missing_lines": 2, "excluded_lines": 0, "percent_statements_covered": 77.77777777777777, "percent_statements_covered_display": "78"}, "missing_lines": [187, 188], "excluded_lines": []}, "SecurityManager.unprotect_ai_model": {"executed_lines": [194, 196, 197, 200, 205, 208, 210], "summary": {"covered_lines": 7, "num_statements": 9, "percent_covered": 77.77777777777777, "percent_covered_display": "78", "missing_lines": 2, "excluded_lines": 0, "percent_statements_covered": 77.77777777777777, "percent_statements_covered_display": "78"}, "missing_lines": [212, 213], "excluded_lines": []}, "SecurityManager.secure_communication_channel": {"executed_lines": [219, 221, 224, 227, 230, 236], "summary": {"covered_lines": 6, "num_statements": 8, "percent_covered": 75.0, "percent_covered_display": "75", "missing_lines": 2, "excluded_lines": 0, "percent_statements_covered": 75.0, "percent_statements_covered_display": "75"}, "missing_lines": [238, 239], "excluded_lines": []}, "": {"executed_lines": [1, 6, 7, 8, 9, 10, 11, 12, 13, 14, 15, 16, 17, 19, 20, 25, 33, 37, 50, 77, 103, 132, 163, 190, 215, 241, 242, 243, 246], "summary": {"covered_lines": 26, "num_statements": 26, "percent_covered": 100.0, "percent_covered_display": "100", "missing_lines": 0, "excluded_lines": 0, "percent_statements_covered": 100.0, "percent_statements_covered_display": "100"}, "missing_lines": [], "excluded_lines": []}}, "classes": {"SecurityManager": {"executed_lines": [27, 28, 30, 31, 35, 39, 40, 47, 48, 54, 56, 59, 62, 65, 72, 81, 83, 84, 87, 88, 91, 92, 96, 98, 108, 110, 113, 120, 127, 136, 138, 139, 142, 143, 144, 147, 148, 151, 152, 158, 167, 169, 172, 177, 180, 183, 185, 194, 196, 197, 200, 205, 208, 210, 219, 221, 224, 227, 230, 236], "summary": {"covered_lines": 60, "num_statements": 75, "percent_covered": 80.0, "percent_covered_display": "80", "missing_lines": 15, "excluded_lines": 0, "percent_statements_covered": 80.0, "percent_statements_covered_display": "80"}, "missing_lines": [74, 75, 93, 100, 101, 129, 130, 160, 161, 187, 188, 212, 213, 238, 239], "excluded_lines": []}, "SecurityError": {"executed_lines": [], "summary": {"covered_lines": 0, "num_statements": 0, "percent_covered": 100.0, "percent_covered_display": "100", "missing_lines": 0, "excluded_lines": 0, "percent_statements_covered": 100.0, "percent_statements_covered_display": "100"}, "missing_lines": [], "excluded_lines": []}, "": {"executed_lines": [1, 6, 7, 8, 9, 10, 11, 12, 13, 14, 15, 16, 17, 19, 20, 25, 33, 37, 50, 77, 103, 132, 163, 190, 215, 241, 242, 243, 246], "summary": {"covered_lines": 26, "num_statements": 26, "percent_covered": 100.0, "percent_covered_display": "100", "missing_lines": 0, "excluded_lines": 0, "percent_statements_covered": 100.0, "percent_statements_covered_display": "100"}, "missing_lines": [], "excluded_lines": []}}}}, "totals": {"covered_lines": 1355, "num_statements": 3265, "percent_covered": 41.50076569678407, "percent_covered_display": "42", "missing_lines": 1910, "excluded_lines": 0, "percent_statements_covered": 41.50076569678407, "percent_statements_covered_display": "42"}}